01:23:13: Change in data files detected
01:23:13: Update flag active
01:23:44: Update flag active
01:24:14: Update flag active
01:24:44: Update flag active
01:25:14: Update flag active
01:25:44: Update flag active
01:26:14: Update flag active
01:26:44: Update flag active
01:27:14: Update flag active
01:27:44: Update flag active
01:28:14: Update flag active
01:28:44: Update flag active
01:29:14: Update flag active
01:29:44: Update flag active
01:30:14: Update flag active
01:30:44: Update flag active
01:31:14: Update flag active
01:31:44: Update flag active
01:32:14: Update flag active
01:32:44: Update flag active
01:33:14: Update flag active
01:33:44: Update flag active
01:34:14: Update flag active
01:34:44: Update flag active
01:35:14: Update flag active
01:35:44: Update flag active
01:36:14: Update flag active
01:36:44: Update flag active
01:37:14: Update flag active
01:37:44: Update flag active
01:38:14: Update flag active
01:38:44: Update flag active
01:39:14: Update flag active
01:39:44: Update flag active
01:40:15: Update flag active
01:40:45: Update flag active
01:41:15: Update flag active
01:41:45: Update flag active
01:42:15: Update flag active
01:42:45: Update flag active
01:43:15: Update flag active
01:43:45: Update flag active
01:44:15: Update flag active
01:44:45: Update flag active
01:45:15: Update flag active
01:45:45: Update flag active
01:46:15: Update flag active
01:46:45: Update flag active
01:47:15: Update flag active
01:47:45: Update flag active
01:48:15: Update flag active
01:48:45: Update flag active
01:49:15: Update flag active
01:49:45: Update flag active
01:50:15: Update flag active
01:50:45: Update flag active
01:51:15: Update flag active
01:51:45: Update flag active
01:52:15: Update flag active
01:52:45: Update flag active
01:53:15: Update flag active
01:53:45: Update flag active
01:54:15: Update flag active
01:54:45: Update flag active
01:55:15: Update flag active
01:55:45: Update flag active
01:56:15: Update flag active
01:56:45: Update flag active
01:57:15: Update flag active
01:57:46: Update flag active
01:58:16: Update flag active
01:58:46: Update flag active
01:59:16: Update flag active
01:59:46: Update flag active
02:00:16: Update flag active
02:00:46: Update flag active
02:01:16: Update flag active
02:01:46: Update flag active
02:02:16: Update flag active
02:02:46: Update flag active
02:03:16: Update flag active
02:03:46: Update flag active
02:04:16: Update flag active
02:04:46: Update flag active
02:05:16: Update flag active
02:05:46: Update flag active
02:06:16: Update flag active
02:06:46: Update flag active
02:07:16: Update flag active
02:07:46: Update flag active
02:08:16: Update flag active
02:08:46: Update flag active
02:09:16: Update flag active
02:09:46: Update flag active
02:10:16: Update flag active
02:10:46: Update flag active
02:11:16: Update flag active
02:11:46: Update flag active
02:12:16: Update flag active
02:12:46: Update flag active
02:13:16: Update flag active
02:13:46: Update flag active
02:14:16: Update flag active
02:14:46: Update flag active
02:15:16: Update flag active
02:15:46: Update flag active
02:16:16: Update flag active
02:16:47: Update flag active
02:17:17: Update flag active
02:17:47: Update flag active
02:18:17: Update flag active
02:18:47: Update flag active
02:19:17: Update flag active
02:19:47: Update flag active
02:20:17: Update flag active
02:20:47: Update flag active
02:21:17: Update flag active
02:21:47: Update flag active
02:22:17: Update flag active
02:22:47: Update flag active
02:23:17: Update flag active
02:23:47: Update flag active
02:24:17: Update flag active
02:24:47: Update flag active
02:25:17: Update flag active
02:25:47: Update flag active
02:26:17: Update flag active
02:26:47: Update flag active
02:27:17: Update flag active
02:27:47: Update flag active
02:28:17: Update flag active
02:28:47: Update flag active
02:29:17: Update flag active
02:29:47: Update flag active
02:30:17: Update flag active
02:30:47: Update flag active
02:31:17: Update flag active
02:31:47: Update flag active
02:32:17: Update flag active
02:32:47: Update flag active
02:33:17: Update flag active
02:33:47: Update flag active
02:34:18: Update flag active
02:34:48: Update flag active
02:35:18: Update flag active
02:35:48: Update flag active
02:36:18: Update flag active
02:36:48: Update flag active
02:37:19: Update flag active
02:37:49: Update flag active
02:38:20: Update flag active
02:38:51: Update flag active
02:39:22: Update flag active
02:39:53: Update flag active
02:40:24: Update flag active
02:40:55: Update flag active
02:41:26: Update flag active
02:41:56: Update flag active
02:42:27: Update flag active
02:43:01: Update flag active
02:43:31: Update flag not active
02:43:32: Changes ready to commence
02:43:32: Old hash: 249e9852f55591a0ebf7e443a33f24a08ea83a28
02:43:32: New hash: aa84fef1ec544a1ab14c418b745fbb0006e7cd8b
02:43:32: Saving new hash to the file
02:43:32: Database update here
