02:43:32: Checksums checked - no changes detected
03:13:33: Change in data files detected
03:13:33: Update flag active
03:14:03: Update flag active
03:14:33: Update flag active
03:15:03: Update flag active
03:15:33: Update flag active
03:16:03: Update flag active
03:16:33: Update flag active
03:17:03: Update flag active
03:17:33: Update flag active
03:18:03: Update flag active
03:18:33: Update flag active
03:19:03: Update flag active
03:19:33: Update flag active
03:20:03: Update flag active
03:20:33: Update flag active
03:21:03: Update flag active
03:21:33: Update flag active
03:22:03: Update flag active
03:22:34: Update flag active
03:23:04: Update flag active
03:23:34: Update flag active
03:24:04: Update flag active
03:24:34: Update flag active
03:25:04: Update flag active
03:25:34: Update flag active
03:26:04: Update flag active
03:26:34: Update flag active
03:27:04: Update flag active
03:27:34: Update flag active
03:28:04: Update flag active
03:28:34: Update flag active
03:29:04: Update flag active
03:29:34: Update flag active
03:30:04: Update flag active
03:30:34: Update flag active
03:31:04: Update flag active
03:31:34: Update flag active
03:32:04: Update flag active
03:32:34: Update flag active
03:33:04: Update flag active
03:33:34: Update flag active
03:34:04: Update flag active
03:34:34: Update flag active
03:35:04: Update flag active
03:35:34: Update flag active
03:36:04: Update flag active
03:36:34: Update flag active
03:37:04: Update flag active
03:37:34: Update flag active
03:38:04: Update flag active
03:38:34: Update flag active
03:39:04: Update flag active
03:39:34: Update flag active
03:40:04: Update flag active
03:40:35: Update flag active
03:41:05: Update flag active
03:41:35: Update flag active
03:42:05: Update flag active
03:42:35: Update flag active
03:43:05: Update flag active
03:43:35: Update flag active
03:44:05: Update flag active
03:44:35: Update flag active
03:45:05: Update flag active
03:45:35: Update flag active
03:46:05: Update flag active
03:46:35: Update flag active
03:47:05: Update flag active
03:47:35: Update flag active
03:48:05: Update flag active
03:48:35: Update flag active
03:49:05: Update flag active
03:49:35: Update flag active
03:50:05: Update flag active
03:50:35: Update flag active
03:51:05: Update flag active
03:51:35: Update flag active
03:52:05: Update flag active
03:52:35: Update flag active
03:53:05: Update flag active
03:53:35: Update flag active
03:54:05: Update flag active
03:54:35: Update flag active
03:55:05: Update flag active
03:55:35: Update flag active
03:56:05: Update flag active
03:56:36: Update flag active
03:57:06: Update flag active
03:57:36: Update flag active
03:58:06: Update flag active
03:58:36: Update flag active
03:59:06: Update flag active
03:59:36: Update flag active
04:00:06: Update flag active
04:00:36: Update flag active
04:01:06: Update flag active
04:01:36: Update flag active
04:02:06: Update flag active
04:02:36: Update flag active
04:03:06: Update flag active
04:03:36: Update flag active
04:04:06: Update flag active
04:04:36: Update flag active
04:05:06: Update flag active
04:05:36: Update flag active
04:06:06: Update flag active
04:06:36: Update flag active
04:07:06: Update flag active
04:07:36: Update flag active
04:08:06: Update flag active
04:08:36: Update flag active
04:09:06: Update flag active
04:09:36: Update flag active
04:10:06: Update flag active
04:10:36: Update flag active
04:11:06: Update flag active
04:11:36: Update flag active
04:12:06: Update flag active
04:12:36: Update flag active
04:13:07: Update flag active
04:13:37: Update flag active
04:14:07: Update flag active
04:14:37: Update flag active
04:15:07: Update flag active
04:15:37: Update flag active
04:16:07: Update flag active
04:16:37: Update flag active
04:17:07: Update flag active
04:17:37: Update flag active
04:18:07: Update flag active
04:18:37: Update flag active
04:19:07: Update flag active
04:19:37: Update flag active
04:20:07: Update flag active
04:20:37: Update flag active
04:21:07: Update flag active
04:21:37: Update flag active
04:22:07: Update flag active
04:22:37: Update flag active
04:23:07: Update flag active
04:23:37: Update flag active
04:24:07: Update flag active
04:24:37: Update flag active
04:25:07: Update flag active
04:25:37: Update flag active
04:26:07: Update flag active
04:26:37: Update flag active
04:27:07: Update flag active
04:27:37: Update flag active
04:28:07: Update flag active
04:28:37: Update flag active
04:29:07: Update flag active
04:29:37: Update flag active
04:30:07: Update flag active
04:30:37: Update flag active
04:31:08: Update flag active
04:31:38: Update flag active
04:32:08: Update flag active
04:32:38: Update flag active
04:33:08: Update flag active
04:33:38: Update flag active
04:34:08: Update flag not active
04:34:08: Changes ready to commence
04:34:08: Old hash: aa84fef1ec544a1ab14c418b745fbb0006e7cd8b
04:34:08: New hash: c068b9bfe57ec21d87aee3c4d5afaab04cb4f1eb
04:34:08: Saving new hash to the file
04:34:08: Database update here
