10:26:37: Checksums checked - no changes detected. Waiting 15 minutes.
10:30:12: Change in data files detected.
10:30:12: Update in progress.
10:31:12: Update in progress.
10:32:13: Update in progress.
10:33:13: Update in progress.
10:34:13: Update in progress.
10:35:13: Update in progress.
10:36:13: Update in progress.
10:37:13: Update in progress.
10:38:13: Update in progress.
10:39:13: Update in progress.
10:40:13: No update taking place - registering a change.
10:40:14: Data gathered, but not validated yet. Waiting 60 seconds.
10:48:11:  - Change in data files detected.
10:48:11:  - Update detected. Waiting 60 seconds.
10:49:12:    - No update detected. Registering a change.
10:49:12:    - Waiting for data to be validated. Waiting 60 seconds.
10:50:12:  - Change in data files detected.
10:50:12:    - No update detected. Registering a change.
10:50:13:    - Waiting for data to be validated. Waiting 60 seconds.
10:51:13:  - Change in data files detected.
10:51:13:  - Update detected. Waiting 60 seconds.
21:23:59: Checksums checked - no changes detected. Waiting 15 minutes.
21:38:59: Checksums checked - no changes detected. Waiting 15 minutes.
21:54:00: Checksums checked - no changes detected. Waiting 15 minutes.
22:09:01: Checksums checked - no changes detected. Waiting 15 minutes.
22:24:01: Checksums checked - no changes detected. Waiting 15 minutes.
22:39:02: Checksums checked - no changes detected. Waiting 15 minutes.
22:54:03: Checksums checked - no changes detected. Waiting 15 minutes.
23:09:03: Checksums checked - no changes detected. Waiting 15 minutes.
23:24:04: Checksums checked - no changes detected. Waiting 15 minutes.
23:39:05: Checksums checked - no changes detected. Waiting 15 minutes.
23:54:05: Checksums checked - no changes detected. Waiting 15 minutes.
00:09:06: Checksums checked - no changes detected. Waiting 15 minutes.
00:24:07: Checksums checked - no changes detected. Waiting 15 minutes.
00:39:08:  - Change in data files detected.
00:39:08:  - Update detected. Waiting 60 seconds.
00:40:08:  - Update detected. Waiting 60 seconds.
00:41:08:  - Update detected. Waiting 60 seconds.
00:42:08:  - Update detected. Waiting 60 seconds.
00:43:08:  - Update detected. Waiting 60 seconds.
00:44:08:  - Update detected. Waiting 60 seconds.
00:45:08:  - Update detected. Waiting 60 seconds.
00:46:08:  - Update detected. Waiting 60 seconds.
00:47:08:  - Update detected. Waiting 60 seconds.
00:48:08:  - Update detected. Waiting 60 seconds.
00:49:08:  - Update detected. Waiting 60 seconds.
00:50:08:  - Update detected. Waiting 60 seconds.
00:51:08:  - Update detected. Waiting 60 seconds.
00:52:08:  - Update detected. Waiting 60 seconds.
00:53:08:  - Update detected. Waiting 60 seconds.
00:54:08:  - Update detected. Waiting 60 seconds.
00:55:08:  - Update detected. Waiting 60 seconds.
00:56:08:  - Update detected. Waiting 60 seconds.
00:57:09:  - Update detected. Waiting 60 seconds.
00:58:09:  - Update detected. Waiting 60 seconds.
00:59:09:  - Update detected. Waiting 60 seconds.
01:00:09:  - Update detected. Waiting 60 seconds.
01:01:09:  - Update detected. Waiting 60 seconds.
01:02:09:  - Update detected. Waiting 60 seconds.
01:03:09:  - Update detected. Waiting 60 seconds.
01:04:09:  - Update detected. Waiting 60 seconds.
01:05:09:  - Update detected. Waiting 60 seconds.
01:06:09:  - Update detected. Waiting 60 seconds.
01:07:09:  - Update detected. Waiting 60 seconds.
01:08:09:  - Update detected. Waiting 60 seconds.
01:09:09:  - Update detected. Waiting 60 seconds.
01:10:09:  - Update detected. Waiting 60 seconds.
01:11:09:  - Update detected. Waiting 60 seconds.
01:12:09:  - Update detected. Waiting 60 seconds.
01:13:09:  - Update detected. Waiting 60 seconds.
01:14:10:  - Update detected. Waiting 60 seconds.
01:15:10:  - Update detected. Waiting 60 seconds.
01:16:10:  - Update detected. Waiting 60 seconds.
01:17:10:  - Update detected. Waiting 60 seconds.
01:18:10:  - Update detected. Waiting 60 seconds.
01:19:10:  - Update detected. Waiting 60 seconds.
01:20:10:  - Update detected. Waiting 60 seconds.
01:21:10:  - Update detected. Waiting 60 seconds.
01:22:10:  - Update detected. Waiting 60 seconds.
01:23:10:  - Update detected. Waiting 60 seconds.
01:24:10:  - Update detected. Waiting 60 seconds.
01:25:10:  - Update detected. Waiting 60 seconds.
01:26:10:  - Update detected. Waiting 60 seconds.
01:27:10:  - Update detected. Waiting 60 seconds.
01:28:10:  - Update detected. Waiting 60 seconds.
01:29:10:  - Update detected. Waiting 60 seconds.
01:30:10:  - Update detected. Waiting 60 seconds.
01:31:10:  - Update detected. Waiting 60 seconds.
01:32:10:  - Update detected. Waiting 60 seconds.
01:33:10:  - Update detected. Waiting 60 seconds.
01:34:11:  - Update detected. Waiting 60 seconds.
01:35:11:  - Update detected. Waiting 60 seconds.
01:36:11:  - Update detected. Waiting 60 seconds.
01:37:11:  - Update detected. Waiting 60 seconds.
01:38:11:  - Update detected. Waiting 60 seconds.
01:39:11:  - Update detected. Waiting 60 seconds.
01:40:11:  - Update detected. Waiting 60 seconds.
01:41:11:  - Update detected. Waiting 60 seconds.
01:42:11:  - Update detected. Waiting 60 seconds.
01:43:11:  - Update detected. Waiting 60 seconds.
01:44:11:  - Update detected. Waiting 60 seconds.
01:45:11:  - Update detected. Waiting 60 seconds.
01:46:11:  - Update detected. Waiting 60 seconds.
01:47:11:  - Update detected. Waiting 60 seconds.
01:48:11:  - Update detected. Waiting 60 seconds.
01:49:11:  - Update detected. Waiting 60 seconds.
01:50:11:  - Update detected. Waiting 60 seconds.
01:51:11:  - Update detected. Waiting 60 seconds.
01:52:11:  - Update detected. Waiting 60 seconds.
01:53:11:  - Update detected. Waiting 60 seconds.
01:54:12:  - Update detected. Waiting 60 seconds.
01:55:12:  - Update detected. Waiting 60 seconds.
01:56:12:  - Update detected. Waiting 60 seconds.
01:57:12:  - Update detected. Waiting 60 seconds.
01:58:12:  - Update detected. Waiting 60 seconds.
01:59:12:  - Update detected. Waiting 60 seconds.
02:00:12:  - Update detected. Waiting 60 seconds.
02:01:12:  - Update detected. Waiting 60 seconds.
02:02:12:  - Update detected. Waiting 60 seconds.
02:03:12:  - Update detected. Waiting 60 seconds.
02:04:12:  - Update detected. Waiting 60 seconds.
02:05:12:  - Update detected. Waiting 60 seconds.
02:06:12:  - Update detected. Waiting 60 seconds.
02:07:12:  - Update detected. Waiting 60 seconds.
02:08:12:  - Update detected. Waiting 60 seconds.
02:09:12:  - Update detected. Waiting 60 seconds.
02:10:12:  - Update detected. Waiting 60 seconds.
02:11:12:  - Update detected. Waiting 60 seconds.
02:12:13:  - Update detected. Waiting 60 seconds.
02:13:13:  - Update detected. Waiting 60 seconds.
02:14:13:  - Update detected. Waiting 60 seconds.
02:15:13:  - Update detected. Waiting 60 seconds.
02:16:13:  - Update detected. Waiting 60 seconds.
02:17:13:  - Update detected. Waiting 60 seconds.
02:18:13:  - Update detected. Waiting 60 seconds.
02:19:13:  - Update detected. Waiting 60 seconds.
02:20:13:  - Update detected. Waiting 60 seconds.
02:21:13:  - Update detected. Waiting 60 seconds.
02:22:13:    - No update detected. Registering a change.
02:22:14:    - Dataset checksum found in validated checksums.
02:22:14:      - Changes ready to commence.
02:22:14:      - Old hash: 410e670502e952704315900d8eec6113fa3497e6
02:22:14:      - New hash: 690bcae9f1f6ca260bde3f8e150680a8b98195e0
02:22:14:      - Saving new hash to the file.
02:22:14: Database update here
