19:48:44: Webdriver connection ready

19:48:44: Local data validated (removed 0 records)

19:48:44: Task - Getting all card names from current expansion
19:48:46: URL change  ->  https://www.cardmarket.com/en/Magic/Products/Singles/Battlebond?site=1
19:48:48: URL change  ->  https://www.cardmarket.com/en/Magic/Products/Singles/Battlebond?site=2
19:48:50: URL change  ->  https://www.cardmarket.com/en/Magic/Products/Singles/Battlebond?site=3
19:48:52: URL change  ->  https://www.cardmarket.com/en/Magic/Products/Singles/Battlebond?site=4
19:48:54: URL change  ->  https://www.cardmarket.com/en/Magic/Products/Singles/Battlebond?site=5
19:48:56: URL change  ->  https://www.cardmarket.com/en/Magic/Products/Singles/Battlebond?site=6
19:48:58: URL change  ->  https://www.cardmarket.com/en/Magic/Products/Singles/Battlebond?site=7
19:49:00: URL change  ->  https://www.cardmarket.com/en/Magic/Products/Singles/Battlebond?site=8
19:49:02: URL change  ->  https://www.cardmarket.com/en/Magic/Products/Singles/Battlebond?site=9
19:49:04: URL change  ->  https://www.cardmarket.com/en/Magic/Products/Singles/Battlebond?site=10
19:49:05: URL change  ->  https://www.cardmarket.com/en/Magic/Products/Singles/Battlebond?site=11
19:49:07: URL change  ->  https://www.cardmarket.com/en/Magic/Products/Singles/Battlebond?site=12
19:49:09: URL change  ->  https://www.cardmarket.com/en/Magic/Products/Singles/Battlebond?site=13
19:49:11: URL change  ->  https://www.cardmarket.com/en/Magic/Products/Singles/Battlebond?site=14
19:49:13: URL change  ->  https://www.cardmarket.com/en/Magic/Products/Singles/Battlebond?site=15
19:49:13: Last page reached
19:49:13: Done - All card names from Battlebond saved

19:49:13:  == Skyshroud Claim ==    (1/264  0.38%)
19:49:16: URL change  ->  https://www.cardmarket.com/en/Magic/Products/Singles/Battlebond/Skyshroud-Claim
19:49:16:                 Expanding page...

19:49:21: == Added card ==
19:49:21: Card ID:       1
19:49:21: Card:          Skyshroud Claim
19:49:21: Rarity:        Common
19:49:21: Expansion:     Battlebond

19:49:21: == Added card stats ==
19:49:21: Card ID:       1
19:49:21: Price from:    0.29
19:49:21: 30-day avg:    0.97
19:49:21: 7-day avg:     1.02
19:49:21: 1-day avg:     1.07
19:49:21: Amount:        1069
19:49:21: Date ID:       1

19:49:21:  = Sellers = 
19:49:21: Task - Updating sellers
19:49:25: Seller added:  npeippo [2]
19:49:28: Seller added:  Goshar [3]
19:49:32: Seller added:  SigilliteGames [4]
19:49:35: Seller added:  Holbech4 [5]
19:49:39: Seller added:  Rusty2410 [6]
19:49:42: Seller added:  rockardist [7]
19:49:45: Seller added:  Baldur82 [8]
19:49:48: Seller added:  markus45 [9]
19:49:52: Seller added:  cornelius59 [10]
19:49:55: Seller added:  luisbarreda [11]
19:49:59: Seller added:  SimonJack88 [12]
19:50:02: Seller added:  SodGames [13]
19:50:06: Seller added:  Metropolis-Center [14]
19:50:11: Seller added:  darkmanu63 [15]
19:50:14: Seller added:  Critical-Hit-GC [16]
19:50:18: Seller added:  gabrielooos93 [17]
19:50:21: Seller added:  CardStoreAlcamo [18]
19:50:26: Seller added:  jokerbovisa [19]
19:50:29: Seller added:  LotusVale-Bochum [20]
19:50:34: Seller added:  delmas [21]
19:50:39: Seller added:  das-Marmak [22]
19:50:43: Seller added:  Lunashine [23]
19:50:47: Seller added:  The-Inn-TCG [24]
19:50:51: Seller added:  TCGEnterprise [25]
19:50:56: Seller added:  Harakesh [26]
19:51:00: Seller added:  Erceus [27]
19:51:04: Seller added:  inGenio [28]
19:51:09: Seller added:  Mazvigosl [29]
19:51:13: Seller added:  matiasgabarron [30]
19:51:17: Seller added:  TimeaB [31]
19:51:22: Seller added:  CrazyComicsAndGames [32]
19:51:27: Seller added:  bradpitkeeper [33]
19:51:32: Seller added:  evertk [34]
19:51:36: Seller added:  Luifinlas [35]
19:51:40: Seller added:  Mtgspot [36]
19:51:44: Seller added:  Igibert [37]
19:51:48: Seller added:  happysquid [38]
19:51:53: Seller added:  c-wizards [39]
19:51:58: Seller added:  lahftw [40]
19:52:08: Seller added:  Outpostgamecenter [41]
19:52:15: Seller added:  DavidxRodx [42]
19:52:22: Seller added:  romainmtbtcg [43]
19:52:27: Seller added:  Rarehuntershop [44]
19:52:35: Seller added:  DeKartonnenKwaak [45]
19:52:44: Seller added:  DRAGONCT [46]
19:52:56: Seller added:  Tzoon [47]
19:53:04: Seller added:  pbjoker [48]
19:53:12: Seller added:  CardsMania [49]
19:53:18: Seller added:  HeinerBremer [50]
19:53:23: Seller added:  Sadquatch [51]
19:53:28: Seller added:  ruffleee [52]
19:53:33: Seller added:  magiccorner [53]
19:53:37: Seller added:  PlaytimePiacenza [54]
19:53:43: Seller added:  ZackyVeah [55]
19:53:48: Seller added:  Playin [56]
19:53:53: Seller added:  Lichnee [57]
19:53:58: Seller added:  magictuga [58]
19:54:04: Seller added:  HiveGames [59]
19:54:09: Seller added:  Hall-of-Magic-MtG [60]
19:54:14: Seller added:  Schnapsl [61]
19:54:22: Seller added:  willybizarre [62]
19:54:31: Seller added:  Leendert [63]
19:54:38: Seller added:  kokusho [64]
19:54:43: Seller added:  Mutsch [65]
19:54:48: Seller added:  LadyArrietty [66]
19:54:54: Seller added:  Niek330 [67]
19:54:59: Seller added:  Zebratus [68]
19:55:04: Seller added:  BB-Spiele [69]
19:55:10: Seller added:  Marjanne [70]
19:55:16: Seller added:  JJ-Finkleton [71]
19:55:22: Seller added:  D-Insane [72]
19:55:28: Seller added:  Tyrranox [73]
19:55:33: Seller added:  elliot1990pl [74]
19:55:39: Seller added:  zalakke [75]
19:55:45: Seller added:  JohnWizard [76]
19:55:51: Seller added:  Abdelbach [77]
19:55:58: Seller added:  matic [78]
19:56:03: Seller added:  Stradi [79]
19:56:09: Seller added:  karmacrow [80]
19:56:15: Seller added:  Deprolloneon [81]
19:56:23: Seller added:  stamosm [82]
19:56:30: Seller added:  TizziTizzi [83]
19:56:36: Seller added:  vasht [84]
19:56:43: Seller added:  GunCha [85]
19:56:50: Seller added:  Cartapapa-GP [86]
19:56:56: Seller added:  CardCastle [87]
19:57:02: Seller added:  Tzigouli [88]
19:57:08: Seller added:  Kunstfreund [89]
19:57:14: Seller added:  Jacob8800 [90]
19:57:21: Seller added:  OromisDDL [91]
19:57:28: Seller added:  timtopher [92]
19:57:36: Seller added:  FKTRD [93]
19:57:43: Seller added:  MrclBok [94]
19:57:49: Seller added:  alexkenst2 [95]
19:57:55: Seller added:  yggdrazil01 [96]
19:58:02: Seller added:  DonMTG [97]
19:58:09: Seller added:  MagicTradeHouseNo1 [98]
19:58:16: Seller added:  seagel [99]
19:58:23: Seller added:  martial-alters [100]
19:58:30: Seller added:  undique [101]
19:58:36: Seller added:  epsyron [102]
19:58:44: Seller added:  House-of-Cards-OE [103]
19:58:52: Seller added:  derdan [104]
19:59:00: Seller added:  Games-Island [105]
19:59:07: Seller added:  SVKZeke [106]
19:59:15: Seller added:  BaschtlB [107]
19:59:22: Seller added:  Jeskel [108]
19:59:31: Seller added:  daidojilaurent [109]
19:59:39: Seller added:  Gunship-Games [110]
19:59:47: Seller added:  Rmsbrito [111]
19:59:54: Seller added:  indru [112]
20:00:02: Seller added:  mystg749 [113]
20:00:10: Seller added:  ClemFr [114]
20:00:17: Seller added:  Grecutus [115]
20:00:24: Seller added:  roughy [116]
20:00:32: Seller added:  Nerdys [117]
20:00:38: Seller added:  MemelGames [118]
20:00:46: Seller added:  RFD94 [119]
20:00:54: Seller added:  DragonReikaiGames [120]
20:01:02: Seller added:  Baltzer [121]
20:01:11: Seller added:  temur11 [122]
20:01:19: Seller added:  Alexandrodekalisto [123]
20:01:29: Seller added:  analogdreher [124]
20:01:44: Seller added:  MaxiM87 [125]
20:02:05: Seller added:  Zaki23 [126]
20:02:18: Seller added:  DeMagicMarkt [127]
20:02:28: Seller added:  Rasmodan [128]
20:02:37: Seller added:  grimmigerHund [129]
20:02:46: Seller added:  smudla [130]
20:03:01: Seller added:  POOL4YOU [131]
20:03:13: Seller added:  Piero55555 [132]
20:03:22: Seller added:  manudiesel [133]
20:03:30: Seller added:  Akroma44 [134]
20:03:40: Seller added:  hobbitfred [135]
20:03:48: Seller added:  Tyron-Heartz [136]
20:03:58: Seller added:  McFreud [137]
20:04:06: Seller added:  Bigs77 [138]
20:04:15: Seller added:  ThreeForOne-AT [139]
20:04:24: Seller added:  NobleGarden [140]
20:04:32: Seller added:  Galactus-Roma [141]
20:04:41: Seller added:  dommedag [142]
20:04:41: Done - 141 new sellers saved  (out of: 141, total: 141)

20:04:41:  = Offers = 
20:04:41: Task - Updating sale offers
20:15:25: Done - 162 sale offers saved  (before: 0, total: 162)


20:15:25:  == Impulse ==    (2/264  0.76%)
20:15:30: URL change  ->  https://www.cardmarket.com/en/Magic/Products/Singles/Battlebond/Impulse
20:15:30:                 Expanding page...

20:15:39: == Added card ==
20:15:39: Card ID:       2
20:15:39: Card:          Impulse
20:15:39: Rarity:        Common
20:15:39: Expansion:     Battlebond

20:15:39: == Added card stats ==
20:15:39: Card ID:       2
20:15:39: Price from:    0.02
20:15:39: 30-day avg:    0.22
20:15:39: 7-day avg:     0.25
20:15:39: 1-day avg:     0.16
20:15:39: Amount:        2138
20:15:39: Date ID:       1

20:15:39:  = Sellers = 
20:15:39: Task - Updating sellers
20:15:52: Seller added:  Nightshade-Shop [143]
20:16:03: Seller added:  technopls [144]
20:16:14: Seller added:  TCG-entertainment [145]
20:16:26: Seller added:  La-Tetedeslip [146]
20:16:38: Seller added:  Stavesacre [147]
20:16:49: Seller added:  DrDkt666 [148]
20:17:01: Seller added:  eXhale55 [149]
20:17:12: Seller added:  Lizard87 [150]
20:17:23: Seller added:  Dunkler-Herrscher [151]
20:17:35: Seller added:  Maumoleseullevrai [152]
20:17:45: Seller added:  Yufei [153]
20:17:54: Seller added:  kornik4444 [154]
20:18:06: Seller added:  Skiski [155]
20:18:16: Seller added:  freensh [156]
20:18:28: Seller added:  Trudlo [157]
20:18:39: Seller added:  DermotPower [158]
20:18:51: Seller added:  Tezzeret84 [159]
20:19:02: Seller added:  davewingrave [160]
20:19:16: Seller added:  Ange55 [161]
20:19:28: Seller added:  Kumpel-Trading [162]
20:19:40: Seller added:  Wintereinbruch [163]
20:19:52: Seller added:  Aberconda [164]
20:20:06: Seller added:  jumeirah [165]
20:20:18: Seller added:  magicpartcard [166]
20:20:32: Seller added:  MagusDoVinhedo [167]
20:20:44: Seller added:  kajika46 [168]
20:20:57: Seller added:  Hgjlesv [169]
20:21:09: Seller added:  kgalias [170]
20:21:21: Seller added:  diddos [171]
20:21:35: Seller added:  Guarida-Del-Dragon [172]
20:21:46: Seller added:  sambadclown [173]
20:21:59: Seller added:  rammstein-rules97 [174]
20:22:11: Seller added:  Mythulro [175]
20:22:23: Seller added:  luciano38 [176]
20:22:37: Seller added:  caceres2020 [177]
20:22:53: Seller added:  plkfd [178]
20:23:07: Seller added:  Cheapest [179]
20:23:21: Seller added:  lastdreamer87 [180]
20:23:32: Seller added:  Magic-Industria-61 [181]
20:23:47: Seller added:  JM123 [182]
20:24:00: Seller added:  Lighting [183]
20:24:13: Seller added:  flosiii [184]
20:24:33: Seller added:  CallmeBanner [185]
20:24:53: Seller added:  Ex0rcist [186]
20:25:07: Seller added:  charmer [187]
20:25:22: Seller added:  micke84 [188]
20:25:40: Seller added:  PeloutseMtG [189]
20:25:52: Seller added:  leonin [190]
20:26:05: Seller added:  Plan-SzaPL [191]
20:26:18: Seller added:  GAMIC [192]
20:26:30: Seller added:  CardgeekNL [193]
20:26:43: Seller added:  Nerd-Shop [194]
20:26:57: Seller added:  Annything [195]
20:27:10: Seller added:  k201244 [196]
20:27:23: Seller added:  ctouya [197]
20:27:37: Seller added:  kahlan37 [198]
20:27:50: Seller added:  Midicards4281 [199]
20:28:04: Seller added:  Richaardi [200]
20:28:21: Seller added:  Kartenkoenig [201]
20:28:38: Seller added:  HolmesFr [202]
20:28:52: Seller added:  Megatol [203]
20:29:06: Seller added:  valis [204]
20:29:19: Seller added:  vpm74 [205]
20:29:35: Seller added:  CardStore-Blois [206]
20:29:54: Seller added:  christianstrothjohann [207]
20:30:10: Seller added:  JoannaDark [208]
20:30:23: Seller added:  DagonX [209]
20:30:36: Seller added:  kasi87 [210]
20:30:50: Seller added:  Enachel [211]
20:31:07: Seller added:  Letalboro [212]
20:31:20: Seller added:  RDeschain [213]
20:31:34: Seller added:  Lightning-Bebbi [214]
20:31:50: Seller added:  TopdeckDK [215]
20:32:05: Seller added:  Enske92 [216]
20:32:18: Seller added:  Malpa1985 [217]
20:32:32: Seller added:  rogiol [218]
20:32:47: Seller added:  Danedeluxe [219]
20:33:01: Seller added:  sanjic [220]
20:33:16: Seller added:  masistuta [221]
20:33:30: Seller added:  Sebas74 [222]
20:33:48: Seller added:  BigBear86 [223]
20:34:08: Seller added:  yoyolooping [224]
20:34:24: Seller added:  pedrodj78 [225]
20:34:39: Seller added:  toycastle-D [226]
20:34:55: Seller added:  MrPete [227]
20:35:10: Seller added:  JupiterMadridNorte [228]
20:35:25: Seller added:  AcidQueen [229]
20:35:38: Seller added:  Kauppiasfoppa [230]
20:35:54: Seller added:  landshome279 [231]
20:36:08: Seller added:  Andre-P [232]
20:36:23: Seller added:  Gemini56 [233]
20:36:38: Seller added:  Colovia [234]
20:36:52: Seller added:  Zyos1607 [235]
20:37:06: Seller added:  Adway [236]
20:37:21: Seller added:  Annie1983 [237]
20:37:38: Seller added:  Dixitier [238]
20:37:54: Seller added:  aleeuwen1 [239]
20:38:12: Seller added:  BlackbirdCraft [240]
20:38:30: Seller added:  EspaceMagic [241]
20:38:46: Seller added:  ludovic1968 [242]
20:39:01: Seller added:  geccoo [243]
20:39:17: Seller added:  N3B3L [244]
20:39:31: Seller added:  Myred [245]
20:39:47: Seller added:  lauke101 [246]
20:40:03: Seller added:  38Shizo [247]
20:40:21: Seller added:  monstersystem [248]
20:40:35: Seller added:  Trons63 [249]
20:40:51: Seller added:  ManaMix [250]
20:41:07: Seller added:  BeNsE [251]
20:41:27: Seller added:  weißer-Lotus [252]
20:41:52: Seller added:  Ortrudzomfg [253]
20:42:13: Seller added:  corsi1996 [254]
20:42:29: Seller added:  REMIPESCADOU [255]
20:42:48: Seller added:  eMeR90 [256]
20:43:03: Seller added:  DildoSchwaggin [257]
20:43:18: Seller added:  Lausbubs-Spielewelt [258]
20:43:35: Seller added:  daktylus75 [259]
20:43:59: Seller added:  MadridMagic [260]
20:44:23: Seller added:  swankyfish [261]
20:44:44: Seller added:  petedk [262]
20:45:03: Seller added:  Dobi-trading-DE [263]
20:45:20: Seller added:  MrNachos [264]
20:45:39: Seller added:  Knightnight [265]
20:45:59: Seller added:  HatakeKakashi88 [266]
20:46:18: Seller added:  jeristy [267]
20:46:37: Seller added:  JoeyMoey [268]
20:46:53: Seller added:  daltenda [269]
20:47:08: Seller added:  marriano [270]
20:47:24: Seller added:  PieperPan87 [271]
20:47:41: Seller added:  NickyBluepants [272]
20:48:02: Seller added:  ruicasasnovas [273]
20:48:20: Seller added:  Yggzorn [274]
20:48:35: Seller added:  Diesler [275]
20:48:52: Seller added:  MAGICSHOPITA [276]
20:49:11: Seller added:  Pixie [277]
20:49:28: Seller added:  Arkham-Comics [278]
20:49:51: Seller added:  Nihili [279]
20:50:12: Seller added:  Kap23 [280]
20:50:28: Seller added:  Xalthur [281]
20:50:47: Seller added:  Kartenguru [282]
20:51:08: Seller added:  Hellcat [283]
20:51:25: Seller added:  Llanowar82 [284]
20:51:43: Seller added:  BaukeS [285]
20:52:00: Seller added:  Hammy [286]
20:52:19: Seller added:  Shvibzik [287]
20:52:36: Seller added:  Dinis [288]
20:52:52: Seller added:  davebeelen [289]
20:53:09: Seller added:  Trade-Secrets [290]
20:53:26: Seller added:  Charly4785 [291]
20:53:41: Seller added:  txbcards [292]
20:53:58: Seller added:  sergioshadow [293]
20:54:17: Seller added:  derboba [294]
20:54:35: Seller added:  Athabasca [295]
20:54:52: Seller added:  McPwn [296]
20:55:12: Seller added:  Kuldotha-Bazaar [297]
20:55:33: Seller added:  masa [298]
20:55:51: Seller added:  Tier1MTG [299]
20:56:12: Seller added:  TimmeyOne [300]
20:56:40: Seller added:  Bruce7506 [301]
20:56:59: Seller added:  Piccio91 [302]
20:57:17: Seller added:  WizardshopCz [303]
20:57:37: Seller added:  Si7en [304]
20:57:54: Seller added:  Mintcardgem [305]
20:58:10: Seller added:  ElFeeder [306]
20:58:27: Seller added:  Mik1040 [307]
20:58:44: Seller added:  phagma [308]
20:59:01: Seller added:  Stefan-Laszkiewicz [309]
20:59:19: Seller added:  Sinici1992 [310]
20:59:36: Seller added:  Iscalia [311]
20:59:56: Seller added:  danieldisco [312]
21:00:13: Seller added:  Theuderich [313]
21:00:32: Seller added:  elbonenet [314]
21:00:49: Seller added:  gambo [315]
21:01:06: Seller added:  Card-Trader24 [316]
21:01:23: Seller added:  Jonny68 [317]
21:01:40: Seller added:  Nils97 [318]
21:02:01: Seller added:  Czechito [319]
