10:14:06:  = Creation of this file = 

10:14:06: == Add date ==
10:14:06: Day:           11
10:14:06: Month:         10
10:14:06: Year:          2021
10:14:06: Date ID:       14

10:14:09: Webdriver ready

10:14:11: Local data validated (removed 0 records)

10:14:11: Task - Getting all card names from current expansion
10:14:11: URL change  ->  https://www.cardmarket.com/en/Magic/Products/Singles/Battlebond?site=1
10:14:12: Done - All card names from Battlebond saved

10:14:12:  == Skyshroud Claim ==    (1/264  0.38%)
10:14:16: URL change  ->  https://www.cardmarket.com/en/Magic/Products/Singles/Battlebond/Skyshroud-Claim
10:14:16:                 Expanding page...

10:14:22: == Add card stats ==
10:14:22: Card ID:       1
10:14:22: Price from:    0.15
10:14:22: 30-day avg:    0.97
10:14:22: 7-day avg:     1.01
10:14:22: 1-day avg:     0.87
10:14:22: Amount:        1149
10:14:22: Date ID:       14

10:14:22:  = Sellers = 
10:14:22: Task - Updating sellers
10:14:22: Done - 0 new sellers saved  (out of: 151, total: 6597)

10:14:22:  = Offers = 
10:14:22: Task - Updating sale offers
10:14:25: Done - 165 sale offers saved  (before: 0, total: 437582)


10:14:25:  == Impulse ==    (2/264  0.76%)
10:14:32: URL change  ->  https://www.cardmarket.com/en/Magic/Products/Singles/Battlebond/Impulse
10:14:32:                 Expanding page...

10:15:06: == Add card stats ==
10:15:06: Card ID:       2
10:15:06: Price from:    0.02
10:15:06: 30-day avg:    0.25
10:15:06: 7-day avg:     0.24
10:15:06: 1-day avg:     0.25
10:15:06: Amount:        2220
10:15:06: Date ID:       14

10:15:06:  = Sellers = 
10:15:06: Task - Updating sellers
10:15:06: Done - 0 new sellers saved  (out of: 352, total: 6597)

10:15:06:  = Offers = 
10:15:06: Task - Updating sale offers
10:15:21: Done - 388 sale offers saved  (before: 0, total: 437970)


10:15:21:  == Zndrsplt, Eye of Wisdom ==    (3/264  1.14%)
10:15:25: URL change  ->  https://www.cardmarket.com/en/Magic/Products/Singles/Battlebond/Zndrsplt-Eye-of-Wisdom
10:15:25:                 Expanding page...

10:15:35: == Add card stats ==
10:15:35: Card ID:       3
10:15:35: Price from:    0.10
10:15:35: 30-day avg:    0.38
10:15:35: 7-day avg:     0.39
10:15:35: 1-day avg:     0.28
10:15:35: Amount:        1398
10:15:35: Date ID:       14

10:15:35:  = Sellers = 
10:15:35: Task - Updating sellers
10:15:36: Done - 0 new sellers saved  (out of: 330, total: 6597)

10:15:36:  = Offers = 
10:15:36: Task - Updating sale offers
10:15:46: Done - 384 sale offers saved  (before: 0, total: 438354)


10:15:46:  == Chain Lightning ==    (4/264  1.52%)
10:15:52: URL change  ->  https://www.cardmarket.com/en/Magic/Products/Singles/Battlebond/Chain-Lightning
10:15:52:                 Expanding page...

10:15:58: == Add card stats ==
10:15:58: Card ID:       4
10:15:58: Price from:    1.20
10:15:58: 30-day avg:    2.29
10:15:58: 7-day avg:     2.64
10:15:58: 1-day avg:     1.82
10:15:58: Amount:        312
10:15:58: Date ID:       14

10:15:58:  = Sellers = 
10:15:58: Task - Updating sellers
10:15:58: Done - 0 new sellers saved  (out of: 154, total: 6597)

10:15:58:  = Offers = 
10:15:58: Task - Updating sale offers
10:16:03: Done - 161 sale offers saved  (before: 0, total: 438515)


10:16:03:  == Stolen Strategy ==    (5/264  1.89%)
10:16:07: URL change  ->  https://www.cardmarket.com/en/Magic/Products/Singles/Battlebond/Stolen-Strategy
10:16:07:                 Expanding page...

10:16:11: == Add card stats ==
10:16:11: Card ID:       5
10:16:11: Price from:    8.99
10:16:11: 30-day avg:    12.59
10:16:11: 7-day avg:     12.93
10:16:11: 1-day avg:     11.33
10:16:11: Amount:        227
10:16:11: Date ID:       14

10:16:11:  = Sellers = 
10:16:11: Task - Updating sellers
10:16:15: Seller added:  LightningBug11 [6598]
10:16:15: Done - 1 new sellers saved  (out of: 107, total: 6598)

10:16:15:  = Offers = 
10:16:15: Task - Updating sale offers
10:16:18: Done - 121 sale offers saved  (before: 0, total: 438636)


10:16:18:  == Azra Oddsmaker ==    (6/264  2.27%)
10:16:22: URL change  ->  https://www.cardmarket.com/en/Magic/Products/Singles/Battlebond/Azra-Oddsmaker
10:16:22:                 Expanding page...

10:16:29: == Add card stats ==
10:16:29: Card ID:       6
10:16:29: Price from:    0.02
10:16:29: 30-day avg:    0.39
10:16:29: 7-day avg:     0.35
10:16:29: 1-day avg:     0.31
10:16:29: Amount:        1042
10:16:29: Date ID:       14

10:16:29:  = Sellers = 
10:16:29: Task - Updating sellers
10:16:29: Done - 0 new sellers saved  (out of: 231, total: 6598)

10:16:29:  = Offers = 
10:16:29: Task - Updating sale offers
10:16:35: Done - 248 sale offers saved  (before: 0, total: 438884)


10:16:35:  == Peregrine Drake ==    (7/264  2.65%)
10:16:39: URL change  ->  https://www.cardmarket.com/en/Magic/Products/Singles/Battlebond/Peregrine-Drake
10:16:39:                 Expanding page...

10:16:42: == Add card stats ==
10:16:42: Card ID:       7
10:16:42: Price from:    0.15
10:16:42: 30-day avg:    0.87
10:16:42: 7-day avg:     0.83
10:16:42: 1-day avg:     0.45
10:16:42: Amount:        348
10:16:42: Date ID:       14

10:16:42:  = Sellers = 
10:16:42: Task - Updating sellers
10:16:42: Done - 0 new sellers saved  (out of: 100, total: 6598)

10:16:42:  = Offers = 
10:16:42: Task - Updating sale offers
10:16:46: Done - 105 sale offers saved  (before: 0, total: 438989)


10:16:46:  == Warrior Token (White 1/1) ==    (8/264  3.03%)
10:16:48: URL change  ->  https://www.cardmarket.com/en/Magic/Products/Singles/Battlebond/Warrior-Token-White-11
10:16:48:                 Expanding page...

10:16:59: == Add card stats ==
10:16:59: Card ID:       8
10:16:59: Price from:    0.01
10:16:59: 30-day avg:    0.11
10:16:59: 7-day avg:     0.10
10:16:59: 1-day avg:     0.15
10:16:59: Amount:        7082
10:16:59: Date ID:       14

10:16:59:  = Sellers = 
10:16:59: Task - Updating sellers
10:16:59: Done - 0 new sellers saved  (out of: 303, total: 6598)

10:16:59:  = Offers = 
10:16:59: Task - Updating sale offers
10:17:05: Done - 350 sale offers saved  (before: 0, total: 439339)


10:17:05:  == Fertile Ground ==    (9/264  3.41%)
10:17:09: URL change  ->  https://www.cardmarket.com/en/Magic/Products/Singles/Battlebond/Fertile-Ground
10:17:09:                 Expanding page...

10:17:23: == Add card stats ==
10:17:23: Card ID:       9
10:17:23: Price from:    0.01
10:17:23: 30-day avg:    0.11
10:17:23: 7-day avg:     0.11
10:17:23: 1-day avg:     0.10
10:17:23: Amount:        4408
10:17:23: Date ID:       14

10:17:23:  = Sellers = 
10:17:23: Task - Updating sellers
10:17:24: Done - 0 new sellers saved  (out of: 449, total: 6598)

10:17:24:  = Offers = 
10:17:24: Task - Updating sale offers
10:17:32: Done - 501 sale offers saved  (before: 0, total: 439840)


10:17:32:  == Okaun, Eye of Chaos ==    (10/264  3.79%)
10:17:36: URL change  ->  https://www.cardmarket.com/en/Magic/Products/Singles/Battlebond/Okaun-Eye-of-Chaos
10:17:36:                 Expanding page...

10:17:46: == Add card stats ==
10:17:46: Card ID:       10
10:17:46: Price from:    0.10
10:17:46: 30-day avg:    0.40
10:17:46: 7-day avg:     0.44
10:17:46: 1-day avg:     0.42
10:17:46: Amount:        1205
10:17:46: Date ID:       14

10:17:46:  = Sellers = 
10:17:46: Task - Updating sellers
10:17:46: Done - 0 new sellers saved  (out of: 333, total: 6598)

10:17:46:  = Offers = 
10:17:46: Task - Updating sale offers
10:17:53: Done - 378 sale offers saved  (before: 0, total: 440218)


10:17:53:  == Spellseeker ==    (11/264  4.17%)
