10:09:50:  = Creation of this file = 

10:09:50: == Add date ==
10:09:50: Day:           14
10:09:50: Month:         10
10:09:50: Year:          2021
10:09:50: Date ID:       17

10:09:54: Webdriver ready

10:09:58: Local data validated (removed 0 records)

10:09:58: Task - Getting all card names from current expansion
10:09:59: URL change  ->  https://www.cardmarket.com/en/Magic/Products/Singles/Battlebond?site=1
10:09:59: Done - All card names from Battlebond saved

10:09:59:  == Skyshroud Claim ==    (1/264  0.38%)
10:10:02: URL change  ->  https://www.cardmarket.com/en/Magic/Products/Singles/Battlebond/Skyshroud-Claim
10:10:02:                 Expanding page...

10:10:09: == Add card stats ==
10:10:09: Card ID:       1
10:10:09: Price from:    0.15
10:10:09: 30-day avg:    0.95
10:10:09: 7-day avg:     0.94
10:10:09: 1-day avg:     0.87
10:10:09: Amount:        1145
10:10:09: Date ID:       17

10:10:09:  = Sellers = 
10:10:09: Task - Updating sellers
