
03:44:51: Service data-gathering is running.
03:44:51: == Add date ==
03:44:51: Day:           1
03:44:51: Month:         11
03:44:51: Year:          2021
03:44:51: Date ID:       34

03:44:51:  - Relevant data discovered. Checking for completeness.
03:44:52: The number of cards for date ID [34] is incorrect
03:44:52: Expected: 264    got: 0
03:44:52:    - Gathered data is incomplete. Proceeding to run.

05:44:31: Service data-gathering is running.
05:44:31: Date ID [34] already added.
05:44:31:  - Relevant data discovered. Checking for completeness.
05:44:31:    - Gathered data is incomplete. Proceeding to run.
05:49:31: Message: Could not start a new session. New session request timed out
Build info: version: '4.0.0', revision: '3a21814679'
System info: host: '66968def9bea', ip: '172.21.0.2', os.name: 'Linux', os.arch: 'amd64', os.version: '5.10.16.3-microsoft-standard-WSL2', java.version: '11.0.11'
Driver info: driver.version: unknown
Stacktrace:
    at org.openqa.selenium.grid.sessionqueue.local.LocalNewSessionQueue.addToQueue (LocalNewSessionQueue.java:199)
    at org.openqa.selenium.grid.sessionqueue.NewSessionQueue.lambda$new$0 (NewSessionQueue.java:68)
    at org.openqa.selenium.remote.http.Route$TemplatizedRoute.handle (Route.java:192)
    at org.openqa.selenium.remote.http.Route.execute (Route.java:68)
    at org.openqa.selenium.remote.http.Route$CombinedRoute.handle (Route.java:336)
    at org.openqa.selenium.remote.http.Route.execute (Route.java:68)
    at org.openqa.selenium.grid.sessionqueue.NewSessionQueue.execute (NewSessionQueue.java:120)
    at org.openqa.selenium.remote.tracing.SpanWrappedHttpHandler.execute (SpanWrappedHttpHandler.java:86)
    at org.openqa.selenium.remote.http.Filter$1.execute (Filter.java:64)
    at org.openqa.selenium.remote.http.Route$CombinedRoute.handle (Route.java:336)
    at org.openqa.selenium.remote.http.Route.execute (Route.java:68)
    at org.openqa.selenium.grid.router.Router.execute (Router.java:91)
    at org.openqa.selenium.grid.web.EnsureSpecCompliantResponseHeaders.lambda$apply$0 (EnsureSpecCompliantResponseHeaders.java:34)
    at org.openqa.selenium.remote.http.Filter$1.execute (Filter.java:64)
    at org.openqa.selenium.remote.http.Route$CombinedRoute.handle (Route.java:336)
    at org.openqa.selenium.remote.http.Route.execute (Route.java:68)
    at org.openqa.selenium.remote.http.Route$NestedRoute.handle (Route.java:270)
    at org.openqa.selenium.remote.http.Route.execute (Route.java:68)
    at org.openqa.selenium.remote.http.Route$CombinedRoute.handle (Route.java:336)
    at org.openqa.selenium.remote.http.Route.execute (Route.java:68)
    at org.openqa.selenium.remote.http.Route$CombinedRoute.handle (Route.java:336)
    at org.openqa.selenium.remote.http.Route.execute (Route.java:68)
    at org.openqa.selenium.remote.AddWebDriverSpecHeaders.lambda$apply$0 (AddWebDriverSpecHeaders.java:35)
    at org.openqa.selenium.remote.ErrorFilter.lambda$apply$0 (ErrorFilter.java:44)
    at org.openqa.selenium.remote.http.Filter$1.execute (Filter.java:64)
    at org.openqa.selenium.remote.ErrorFilter.lambda$apply$0 (ErrorFilter.java:44)
    at org.openqa.selenium.remote.http.Filter$1.execute (Filter.java:64)
    at org.openqa.selenium.netty.server.SeleniumHandler.lambda$channelRead0$0 (SeleniumHandler.java:44)
    at java.util.concurrent.Executors$RunnableAdapter.call (Executors.java:515)
    at java.util.concurrent.FutureTask.run (FutureTask.java:264)
    at java.util.concurrent.ThreadPoolExecutor.runWorker (ThreadPoolExecutor.java:1128)
    at java.util.concurrent.ThreadPoolExecutor$Worker.run (ThreadPoolExecutor.java:628)
    at java.lang.Thread.run (Thread.java:829)

06:04:44: Service data-gathering is running.
06:04:44: Date ID [34] already added.
06:04:44:  - Relevant data discovered. Checking for completeness.
06:04:44:    - Gathered data is incomplete. Proceeding to run.

07:11:15: Service data-gathering is running.
07:11:15: Date ID [34] already added.
07:11:15:  - Relevant data discovered. Checking for completeness.
07:11:16:    - Data validation completed successfully.
07:11:16:    - Saving checksum: 6385cac9f26b36bbb9a333b43b23a92fb73ced8a
07:11:17:  - Job is done. Waiting for 1 hour.
08:11:17:  - Relevant data discovered. Checking for completeness.
08:11:18:    - Dataset already validated. All needed data saved.
08:11:18:  - Job is done. Waiting for 1 hour.
09:11:18:  - Relevant data discovered. Checking for completeness.
09:11:19:    - Dataset already validated. All needed data saved.
09:11:19:  - Job is done. Waiting for 1 hour.
