10:51:56:  = Creation of this file = 

10:51:56: Date 15/10/2021 already added (date ID: 18)
10:51:59: Webdriver ready

10:52:01: Local data validated (removed 0 records)

10:52:02: Task - Getting all card names from current expansion
10:52:02: URL change  ->  https://www.cardmarket.com/en/Magic/Products/Singles/Battlebond?site=1
10:52:03: Done - All card names from Battlebond saved

10:52:03:  == Skyshroud Claim ==    (1/264  0.38%)
10:52:07: URL change  ->  https://www.cardmarket.com/en/Magic/Products/Singles/Battlebond/Skyshroud-Claim
10:52:07:                 Expanding page...

10:52:12:  = Card stats = 
10:52:12: Card ID:  1
10:52:12: Already saved today

10:52:12:  = Sellers = 
10:52:12: Task - Updating sellers
10:52:13: Done - 0 new sellers saved  (out of: 139, total: 6682)

10:52:13:  = Offers = 
10:52:13: Task - Updating sale offers
10:52:17: Done - 153 sale offers saved  (before: 153, total: 375547)


10:52:17:  == Impulse ==    (2/264  0.76%)
10:52:21: URL change  ->  https://www.cardmarket.com/en/Magic/Products/Singles/Battlebond/Impulse
10:52:21:                 Expanding page...

10:52:30:  = Card stats = 
10:52:30: Card ID:  2
10:52:30: Already saved today

10:52:30:  = Sellers = 
10:52:30: Task - Updating sellers
10:52:30: Done - 0 new sellers saved  (out of: 350, total: 6682)

10:52:30:  = Offers = 
10:52:30: Task - Updating sale offers
10:52:39: Done - 386 sale offers saved  (before: 386, total: 375547)


10:52:39:  == Zndrsplt, Eye of Wisdom ==    (3/264  1.14%)
10:52:43: URL change  ->  https://www.cardmarket.com/en/Magic/Products/Singles/Battlebond/Zndrsplt-Eye-of-Wisdom
10:52:43:                 Expanding page...

10:52:52:  = Card stats = 
10:52:52: Card ID:  3
10:52:52: Already saved today

10:52:52:  = Sellers = 
10:52:52: Task - Updating sellers
10:52:52: Done - 0 new sellers saved  (out of: 327, total: 6682)

10:52:52:  = Offers = 
10:52:52: Task - Updating sale offers
10:52:59: Done - 381 sale offers saved  (before: 381, total: 375547)


10:52:59:  == Chain Lightning ==    (4/264  1.52%)
10:53:03: URL change  ->  https://www.cardmarket.com/en/Magic/Products/Singles/Battlebond/Chain-Lightning
10:53:03:                 Expanding page...

10:53:09:  = Card stats = 
10:53:09: Card ID:  4
10:53:09: Already saved today

10:53:09:  = Sellers = 
10:53:09: Task - Updating sellers
10:53:09: Done - 0 new sellers saved  (out of: 149, total: 6682)

10:53:09:  = Offers = 
10:53:09: Task - Updating sale offers
10:53:13: Done - 157 sale offers saved  (before: 157, total: 375547)


10:53:13:  == Stolen Strategy ==    (5/264  1.89%)
10:53:18: URL change  ->  https://www.cardmarket.com/en/Magic/Products/Singles/Battlebond/Stolen-Strategy
10:53:18:                 Expanding page...

10:53:22:  = Card stats = 
10:53:22: Card ID:  5
10:53:22: Already saved today

10:53:22:  = Sellers = 
10:53:22: Task - Updating sellers
10:53:22: Done - 0 new sellers saved  (out of: 112, total: 6682)

10:53:22:  = Offers = 
10:53:22: Task - Updating sale offers
10:53:26: Done - 128 sale offers saved  (before: 128, total: 375547)


10:53:26:  == Azra Oddsmaker ==    (6/264  2.27%)
10:53:30: URL change  ->  https://www.cardmarket.com/en/Magic/Products/Singles/Battlebond/Azra-Oddsmaker
10:53:30:                 Expanding page...

10:53:36:  = Card stats = 
10:53:36: Card ID:  6
10:53:36: Already saved today

10:53:36:  = Sellers = 
10:53:36: Task - Updating sellers
10:53:36: Done - 0 new sellers saved  (out of: 232, total: 6682)

10:53:36:  = Offers = 
10:53:36: Task - Updating sale offers
10:53:42: Done - 248 sale offers saved  (before: 248, total: 375547)


10:53:42:  == Peregrine Drake ==    (7/264  2.65%)
10:53:46: URL change  ->  https://www.cardmarket.com/en/Magic/Products/Singles/Battlebond/Peregrine-Drake
10:53:46:                 Expanding page...

10:53:50:  = Card stats = 
10:53:50: Card ID:  7
10:53:50: Already saved today

10:53:50:  = Sellers = 
10:53:50: Task - Updating sellers
10:53:50: Done - 0 new sellers saved  (out of: 96, total: 6682)

10:53:50:  = Offers = 
10:53:50: Task - Updating sale offers
10:53:54: Done - 101 sale offers saved  (before: 101, total: 375547)


10:53:54:  == Warrior Token (White 1/1) ==    (8/264  3.03%)
