08:05:43:  = Creation of this file =

08:05:43: == Add date ==
08:05:43: Day:           15
08:05:43: Month:         10
08:05:43: Year:          2021
08:05:43: Date ID:       18

08:05:46: Webdriver ready

08:05:51: Local data validated (removed 0 records)

08:05:51: Task - Getting all card names from current expansion
08:05:52: URL change  ->  https://www.cardmarket.com/en/Magic/Products/Singles/Battlebond?site=1
08:05:52: Done - All card names from Battlebond saved

08:05:52:  == Skyshroud Claim ==    (1/264  0.38%)
08:05:56: URL change  ->  https://www.cardmarket.com/en/Magic/Products/Singles/Battlebond/Skyshroud-Claim
08:05:56:                 Expanding page...

08:06:01: == Add card stats ==
08:06:01: Card ID:       1
08:06:01: Price from:    0.15
08:06:01: 30-day avg:    0.94
08:06:01: 7-day avg:     0.90
08:06:01: 1-day avg:     0.68
08:06:01: Amount:        1143
08:06:01: Date ID:       18

08:06:01:  = Sellers =
08:06:01: Task - Updating sellers
08:06:04: Seller added:  Rmsbrito [6673]
08:06:04: Done - 1 new sellers saved  (out of: 137, total: 6673)

08:06:04:  = Offers =
08:06:04: Task - Updating sale offers
08:06:11: Done - 151 sale offers saved  (before: 0, total: 875154)


08:06:11:  == Impulse ==    (2/264  0.76%)
08:06:14: URL change  ->  https://www.cardmarket.com/en/Magic/Products/Singles/Battlebond/Impulse
08:06:14:                 Expanding page...

08:06:23: == Add card stats ==
08:06:23: Card ID:       2
08:06:23: Price from:    0.02
08:06:23: 30-day avg:    0.22
08:06:23: 7-day avg:     0.19
08:06:23: 1-day avg:     0.22
08:06:23: Amount:        2154
08:06:23: Date ID:       18

08:06:23:  = Sellers =
08:06:23: Task - Updating sellers
08:06:23: Done - 0 new sellers saved  (out of: 348, total: 6673)

08:06:23:  = Offers =
08:06:23: Task - Updating sale offers
08:06:32: Done - 384 sale offers saved  (before: 0, total: 875538)


08:06:32:  == Zndrsplt, Eye of Wisdom ==    (3/264  1.14%)
08:06:35: URL change  ->  https://www.cardmarket.com/en/Magic/Products/Singles/Battlebond/Zndrsplt-Eye-of-Wisdom
08:06:35:                 Expanding page...

08:06:43: == Add card stats ==
08:06:43: Card ID:       3
08:06:43: Price from:    0.10
08:06:43: 30-day avg:    0.38
08:06:43: 7-day avg:     0.33
08:06:43: 1-day avg:     0.42
08:06:43: Amount:        1378
08:06:43: Date ID:       18

08:06:43:  = Sellers =
08:06:43: Task - Updating sellers
08:06:44: Done - 0 new sellers saved  (out of: 325, total: 6673)

08:06:44:  = Offers =
08:06:44: Task - Updating sale offers
08:06:52: Done - 379 sale offers saved  (before: 0, total: 875917)


08:06:52:  == Chain Lightning ==    (4/264  1.52%)
08:06:56: URL change  ->  https://www.cardmarket.com/en/Magic/Products/Singles/Battlebond/Chain-Lightning
08:06:56:                 Expanding page...

08:07:01: == Add card stats ==
08:07:01: Card ID:       4
08:07:01: Price from:    1.25
08:07:01: 30-day avg:    2.28
08:07:01: 7-day avg:     2.48
08:07:01: 1-day avg:     1.95
08:07:01: Amount:        317
08:07:01: Date ID:       18

08:07:01:  = Sellers =
08:07:01: Task - Updating sellers
08:07:01: Done - 0 new sellers saved  (out of: 149, total: 6673)

08:07:01:  = Offers =
08:07:01: Task - Updating sale offers
08:07:08: Done - 157 sale offers saved  (before: 0, total: 876074)


08:07:08:  == Stolen Strategy ==    (5/264  1.89%)
08:07:12: URL change  ->  https://www.cardmarket.com/en/Magic/Products/Singles/Battlebond/Stolen-Strategy
08:07:12:                 Expanding page...

08:07:16: == Add card stats ==
08:07:16: Card ID:       5
08:07:16: Price from:    10.99
08:07:16: 30-day avg:    12.61
08:07:16: 7-day avg:     13.10
08:07:16: 1-day avg:     12.95
08:07:16: Amount:        233
08:07:16: Date ID:       18

08:07:16:  = Sellers =
08:07:16: Task - Updating sellers
08:07:19: Seller added:  Grinzerator [6674]
08:07:19: Done - 1 new sellers saved  (out of: 111, total: 6674)

08:07:19:  = Offers =
08:07:19: Task - Updating sale offers
08:07:25: Done - 127 sale offers saved  (before: 0, total: 876201)


08:07:25:  == Azra Oddsmaker ==    (6/264  2.27%)
08:07:27: URL change  ->  https://www.cardmarket.com/en/Magic/Products/Singles/Battlebond/Azra-Oddsmaker
08:07:27:                 Expanding page...

08:07:34: == Add card stats ==
08:07:34: Card ID:       6
08:07:34: Price from:    0.02
08:07:34: 30-day avg:    0.39
08:07:34: 7-day avg:     0.32
08:07:34: 1-day avg:     0.27
08:07:34: Amount:        1054
08:07:34: Date ID:       18

08:07:34:  = Sellers =
08:07:34: Task - Updating sellers
08:07:34: Done - 0 new sellers saved  (out of: 230, total: 6674)

08:07:34:  = Offers =
08:07:34: Task - Updating sale offers
08:07:40: Done - 246 sale offers saved  (before: 0, total: 876447)


08:07:40:  == Peregrine Drake ==    (7/264  2.65%)
08:07:45: URL change  ->  https://www.cardmarket.com/en/Magic/Products/Singles/Battlebond/Peregrine-Drake
08:07:45:                 Expanding page...

08:07:49: == Add card stats ==
08:07:49: Card ID:       7
08:07:49: Price from:    0.15
08:07:49: 30-day avg:    0.87
08:07:49: 7-day avg:     0.81
08:07:49: 1-day avg:     1.17
08:07:49: Amount:        352
08:07:49: Date ID:       18

08:07:49:  = Sellers =
08:07:49: Task - Updating sellers
08:07:49: Done - 0 new sellers saved  (out of: 96, total: 6674)

08:07:49:  = Offers =
08:07:49: Task - Updating sale offers
08:07:53: Done - 101 sale offers saved  (before: 0, total: 876548)


08:07:53:  == Warrior Token (White 1/1) ==    (8/264  3.03%)
08:07:57: URL change  ->  https://www.cardmarket.com/en/Magic/Products/Singles/Battlebond/Warrior-Token-White-11
08:07:57:                 Expanding page...

08:08:06: == Add card stats ==
08:08:06: Card ID:       8
08:08:06: Price from:    0.01
08:08:06: 30-day avg:    0.12
08:08:06: 7-day avg:     0.11
08:08:06: 1-day avg:     0.24
08:08:06: Amount:        7091
08:08:06: Date ID:       18

08:08:06:  = Sellers =
08:08:06: Task - Updating sellers
08:08:06: Done - 0 new sellers saved  (out of: 302, total: 6674)

08:08:06:  = Offers =
08:08:06: Task - Updating sale offers
08:08:14: Done - 349 sale offers saved  (before: 0, total: 876897)


08:08:14:  == Fertile Ground ==    (9/264  3.41%)
08:08:18: URL change  ->  https://www.cardmarket.com/en/Magic/Products/Singles/Battlebond/Fertile-Ground
08:08:18:                 Expanding page...

08:08:29: == Add card stats ==
08:08:29: Card ID:       9
08:08:29: Price from:    0.01
08:08:29: 30-day avg:    0.11
08:08:29: 7-day avg:     0.10
08:08:29: 1-day avg:     0.05
08:08:29: Amount:        4370
08:08:29: Date ID:       18

08:08:29:  = Sellers =
08:08:29: Task - Updating sellers
08:08:29: Done - 0 new sellers saved  (out of: 446, total: 6674)

08:08:29:  = Offers =
08:08:29: Task - Updating sale offers
08:08:41: Done - 502 sale offers saved  (before: 0, total: 877399)


08:08:41:  == Okaun, Eye of Chaos ==    (10/264  3.79%)
08:08:45: URL change  ->  https://www.cardmarket.com/en/Magic/Products/Singles/Battlebond/Okaun-Eye-of-Chaos
08:08:45:                 Expanding page...

08:08:54: == Add card stats ==
08:08:54: Card ID:       10
08:08:54: Price from:    0.10
08:08:54: 30-day avg:    0.41
08:08:54: 7-day avg:     0.35
08:08:54: 1-day avg:     0.53
08:08:54: Amount:        1188
08:08:54: Date ID:       18

08:08:54:  = Sellers =
08:08:54: Task - Updating sellers
08:08:54: Done - 0 new sellers saved  (out of: 325, total: 6674)

08:08:54:  = Offers =
08:08:54: Task - Updating sale offers
08:09:03: Done - 371 sale offers saved  (before: 0, total: 877770)


08:09:03:  == Spellseeker ==    (11/264  4.17%)
08:09:07: URL change  ->  https://www.cardmarket.com/en/Magic/Products/Singles/Battlebond/Spellseeker
08:09:07:                 Expanding page...

08:09:11: == Add card stats ==
08:09:11: Card ID:       11
08:09:11: Price from:    26.50
08:09:11: 30-day avg:    28.62
08:09:11: 7-day avg:     29.14
08:09:11: 1-day avg:     33.63
08:09:11: Amount:        152
08:09:11: Date ID:       18

08:09:11:  = Sellers =
08:09:11: Task - Updating sellers
08:09:14: Seller added:  blackymatz [6675]
08:09:14: Done - 1 new sellers saved  (out of: 100, total: 6675)

08:09:14:  = Offers =
08:09:14: Task - Updating sale offers
08:09:19: Done - 110 sale offers saved  (before: 0, total: 877880)


08:09:19:  == Toothy, Imaginary Friend ==    (12/264  4.55%)
08:09:23: URL change  ->  https://www.cardmarket.com/en/Magic/Products/Singles/Battlebond/Toothy-Imaginary-Friend
08:09:23:                 Expanding page...

08:09:26: == Add card stats ==
08:09:26: Card ID:       12
08:09:26: Price from:    5.99
08:09:26: 30-day avg:    8.04
08:09:26: 7-day avg:     7.73
08:09:26: 1-day avg:     7.00
08:09:26: Amount:        218
08:09:26: Date ID:       18

08:09:26:  = Sellers =
08:09:26: Task - Updating sellers
08:09:29: Seller added:  kuqident [6676]
08:09:29: Done - 1 new sellers saved  (out of: 129, total: 6676)

08:09:29:  = Offers =
08:09:29: Task - Updating sale offers
08:09:35: Done - 143 sale offers saved  (before: 0, total: 878023)


08:09:35:  == Mindblade Render ==    (13/264  4.92%)
08:09:39: URL change  ->  https://www.cardmarket.com/en/Magic/Products/Singles/Battlebond/Mindblade-Render
08:09:39:                 Expanding page...

08:09:44: == Add card stats ==
08:09:44: Card ID:       13
08:09:44: Price from:    0.05
08:09:44: 30-day avg:    0.83
08:09:44: 7-day avg:     0.78
08:09:44: 1-day avg:     0.70
08:09:44: Amount:        427
08:09:44: Date ID:       18

08:09:44:  = Sellers =
08:09:44: Task - Updating sellers
08:09:47: Seller added:  jojodaim [6677]
08:09:47: Done - 1 new sellers saved  (out of: 165, total: 6677)

08:09:47:  = Offers =
08:09:47: Task - Updating sale offers
08:09:54: Done - 176 sale offers saved  (before: 0, total: 878199)


08:09:54:  == Sylvia Brightspear ==    (14/264  5.3%)
08:09:58: URL change  ->  https://www.cardmarket.com/en/Magic/Products/Singles/Battlebond/Sylvia-Brightspear
08:09:58:                 Expanding page...

08:10:05: == Add card stats ==
08:10:05: Card ID:       14
08:10:05: Price from:    0.19
08:10:05: 30-day avg:    0.54
08:10:05: 7-day avg:     0.55
08:10:05: 1-day avg:     0.55
08:10:05: Amount:        772
08:10:05: Date ID:       18

08:10:05:  = Sellers =
08:10:05: Task - Updating sellers
08:10:05: Done - 0 new sellers saved  (out of: 267, total: 6677)

08:10:05:  = Offers =
08:10:05: Task - Updating sale offers
08:10:14: Done - 294 sale offers saved  (before: 0, total: 878493)


08:10:14:  == Bonus Round ==    (15/264  5.68%)
08:10:18: URL change  ->  https://www.cardmarket.com/en/Magic/Products/Singles/Battlebond/Bonus-Round
08:10:18:                 Expanding page...

08:10:22: == Add card stats ==
08:10:22: Card ID:       15
08:10:22: Price from:    3.99
08:10:22: 30-day avg:    5.30
08:10:22: 7-day avg:     5.06
08:10:22: 1-day avg:     4.45
08:10:22: Amount:        343
08:10:22: Date ID:       18

08:10:22:  = Sellers =
08:10:22: Task - Updating sellers
08:10:23: Done - 0 new sellers saved  (out of: 144, total: 6677)

08:10:23:  = Offers =
08:10:23: Task - Updating sale offers
08:10:28: Done - 161 sale offers saved  (before: 0, total: 878654)


08:10:28:  == Spell Snare ==    (16/264  6.06%)
08:10:32: URL change  ->  https://www.cardmarket.com/en/Magic/Products/Singles/Battlebond/Spell-Snare
08:10:32:                 Expanding page...

08:10:46: == Add card stats ==
08:10:46: Card ID:       16
08:10:46: Price from:    0.35
08:10:46: 30-day avg:    1.03
08:10:46: 7-day avg:     0.60
08:10:46: 1-day avg:     1.00
08:10:46: Amount:        2134
08:10:46: Date ID:       18

08:10:46:  = Sellers =
08:10:46: Task - Updating sellers
08:10:50: Seller added:  DuelTubeChannel [6678]
08:10:50: Done - 1 new sellers saved  (out of: 536, total: 6678)

08:10:50:  = Offers =
08:10:50: Task - Updating sale offers
08:11:01: Done - 616 sale offers saved  (before: 0, total: 879270)


08:11:01:  == Generous Patron ==    (17/264  6.44%)
08:11:05: URL change  ->  https://www.cardmarket.com/en/Magic/Products/Singles/Battlebond/Generous-Patron
08:11:05:                 Expanding page...

08:11:10: == Add card stats ==
08:11:10: Card ID:       17
08:11:10: Price from:    1.50
08:11:10: 30-day avg:    2.32
08:11:10: 7-day avg:     2.23
08:11:10: 1-day avg:     2.45
08:11:10: Amount:        354
08:11:10: Date ID:       18

08:11:10:  = Sellers =
08:11:10: Task - Updating sellers
08:11:10: Done - 0 new sellers saved  (out of: 123, total: 6678)

08:11:10:  = Offers =
08:11:10: Task - Updating sale offers
08:11:15: Done - 137 sale offers saved  (before: 0, total: 879407)


08:11:15:  == Pir, Imaginative Rascal ==    (18/264  6.82%)
08:11:18: URL change  ->  https://www.cardmarket.com/en/Magic/Products/Singles/Battlebond/Pir-Imaginative-Rascal
08:11:18:                 Expanding page...

08:11:22: == Add card stats ==
08:11:22: Card ID:       18
08:11:22: Price from:    5.99
08:11:22: 30-day avg:    7.57
08:11:22: 7-day avg:     7.47
08:11:22: 1-day avg:     6.99
08:11:22: Amount:        267
08:11:22: Date ID:       18

08:11:22:  = Sellers =
08:11:22: Task - Updating sellers
08:11:25: Seller added:  escaflow [6679]
08:11:25: Done - 1 new sellers saved  (out of: 124, total: 6679)

08:11:25:  = Offers =
08:11:25: Task - Updating sale offers
08:11:31: Done - 137 sale offers saved  (before: 0, total: 879544)


08:11:31:  == Virtus's Maneuver ==    (19/264  7.2%)
08:11:35: URL change  ->  https://www.cardmarket.com/en/Magic/Products/Singles/Battlebond/Virtuss-Maneuver
08:11:35:                 Expanding page...

08:11:43: == Add card stats ==
08:11:43: Card ID:       19
08:11:43: Price from:    0.10
08:11:43: 30-day avg:    0.49
08:11:43: 7-day avg:     0.53
08:11:43: 1-day avg:     0.54
08:11:43: Amount:        954
08:11:43: Date ID:       18

08:11:43:  = Sellers =
08:11:43: Task - Updating sellers
08:11:43: Done - 0 new sellers saved  (out of: 269, total: 6679)

08:11:43:  = Offers =
08:11:43: Task - Updating sale offers
08:11:53: Done - 316 sale offers saved  (before: 0, total: 879860)


08:11:53:  == Spire Garden ==    (20/264  7.58%)
08:11:57: URL change  ->  https://www.cardmarket.com/en/Magic/Products/Singles/Battlebond/Spire-Garden
08:11:57:                 Expanding page...

08:12:02: == Add card stats ==
08:12:02: Card ID:       20
08:12:02: Price from:    8.99
08:12:02: 30-day avg:    10.17
08:12:02: 7-day avg:     11.92
08:12:02: 1-day avg:     10.90
08:12:02: Amount:        301
08:12:02: Date ID:       18

08:12:02:  = Sellers =
08:12:02: Task - Updating sellers
08:12:02: Done - 0 new sellers saved  (out of: 151, total: 6679)

08:12:02:  = Offers =
08:12:02: Task - Updating sale offers
08:12:07: Done - 170 sale offers saved  (before: 0, total: 880030)


08:12:07:  == War's Toll ==    (21/264  7.95%)
08:12:11: URL change  ->  https://www.cardmarket.com/en/Magic/Products/Singles/Battlebond/Wars-Toll
08:12:11:                 Expanding page...

08:12:16: == Add card stats ==
08:12:16: Card ID:       21
08:12:16: Price from:    0.59
08:12:16: 30-day avg:    1.50
08:12:16: 7-day avg:     1.60
08:12:16: 1-day avg:     1.25
08:12:16: Amount:        256
08:12:16: Date ID:       18

08:12:16:  = Sellers =
08:12:16: Task - Updating sellers
08:12:16: Done - 0 new sellers saved  (out of: 131, total: 6679)

08:12:16:  = Offers =
08:12:16: Task - Updating sale offers
08:12:37: Done - 151 sale offers saved  (before: 0, total: 880181)


08:12:37:  == Swords to Plowshares ==    (22/264  8.33%)
08:12:42: URL change  ->  https://www.cardmarket.com/en/Magic/Products/Singles/Battlebond/Swords-to-Plowshares
08:12:42:                 Expanding page...

08:12:46: == Add card stats ==
08:12:46: Card ID:       22
08:12:46: Price from:    0.50
08:12:46: 30-day avg:    1.80
08:12:46: 7-day avg:     1.68
08:12:46: 1-day avg:     1.97
08:12:46: Amount:        391
08:12:46: Date ID:       18

08:12:46:  = Sellers =
08:12:46: Task - Updating sellers
08:12:46: Done - 0 new sellers saved  (out of: 151, total: 6679)

08:12:46:  = Offers =
08:12:46: Task - Updating sale offers
08:12:52: Done - 168 sale offers saved  (before: 0, total: 880349)


08:12:52:  == Angelic Chorus ==    (23/264  8.71%)
08:12:58: URL change  ->  https://www.cardmarket.com/en/Magic/Products/Singles/Battlebond/Angelic-Chorus
08:12:58:                 Expanding page...

08:13:04: == Add card stats ==
08:13:04: Card ID:       23
08:13:04: Price from:    0.19
08:13:04: 30-day avg:    0.75
08:13:04: 7-day avg:     1.01
08:13:04: 1-day avg:     0.90
08:13:04: Amount:        557
08:13:04: Date ID:       18

08:13:04:  = Sellers =
08:13:04: Task - Updating sellers
08:13:04: Done - 0 new sellers saved  (out of: 221, total: 6679)

08:13:04:  = Offers =
08:13:04: Task - Updating sale offers
08:13:10: Done - 248 sale offers saved  (before: 0, total: 880597)


08:13:10:  == Diabolic Intent ==    (24/264  9.09%)
08:13:14: URL change  ->  https://www.cardmarket.com/en/Magic/Products/Singles/Battlebond/Diabolic-Intent
08:13:14:                 Expanding page...

08:13:17: == Add card stats ==
08:13:17: Card ID:       24
08:13:17: Price from:    15.50
08:13:17: 30-day avg:    23.21
08:13:17: 7-day avg:     23.24
08:13:17: 1-day avg:     21.58
08:13:17: Amount:        143
08:13:17: Date ID:       18

08:13:17:  = Sellers =
08:13:17: Task - Updating sellers
08:13:17: Done - 0 new sellers saved  (out of: 91, total: 6679)

08:13:17:  = Offers =
08:13:17: Task - Updating sale offers
08:13:22: Done - 98 sale offers saved  (before: 0, total: 880695)


08:13:22:  == Luxury Suite ==    (25/264  9.47%)
08:13:26: URL change  ->  https://www.cardmarket.com/en/Magic/Products/Singles/Battlebond/Luxury-Suite
08:13:26:                 Expanding page...

08:13:29: == Add card stats ==
08:13:29: Card ID:       25
08:13:29: Price from:    17.00
08:13:29: 30-day avg:    19.76
08:13:29: 7-day avg:     20.32
08:13:29: 1-day avg:     20.37
08:13:29: Amount:        147
08:13:29: Date ID:       18

08:13:29:  = Sellers =
08:13:29: Task - Updating sellers
08:13:29: Done - 0 new sellers saved  (out of: 72, total: 6679)

08:13:29:  = Offers =
08:13:29: Task - Updating sale offers
08:13:34: Done - 82 sale offers saved  (before: 0, total: 880777)


08:13:34:  == Pir's Whim ==    (26/264  9.85%)
08:13:38: URL change  ->  https://www.cardmarket.com/en/Magic/Products/Singles/Battlebond/Pirs-Whim
08:13:38:                 Expanding page...

08:13:42: == Add card stats ==
08:13:42: Card ID:       26
08:13:42: Price from:    1.39
08:13:42: 30-day avg:    2.62
08:13:42: 7-day avg:     2.36
08:13:42: 1-day avg:     2.98
08:13:42: Amount:        440
08:13:42: Date ID:       18

08:13:42:  = Sellers =
08:13:42: Task - Updating sellers
08:13:46: Seller added:  schneemann1 [6680]
08:13:46: Done - 1 new sellers saved  (out of: 190, total: 6680)

08:13:46:  = Offers =
08:13:46: Task - Updating sale offers
08:13:53: Done - 219 sale offers saved  (before: 0, total: 880996)


08:13:53:  == Last One Standing ==    (27/264  10.23%)
08:13:56: URL change  ->  https://www.cardmarket.com/en/Magic/Products/Singles/Battlebond/Last-One-Standing
08:13:56:                 Expanding page...

08:14:01: == Add card stats ==
08:14:01: Card ID:       27
08:14:01: Price from:    1.99
08:14:01: 30-day avg:    3.03
08:14:01: 7-day avg:     2.93
08:14:01: 1-day avg:     3.50
08:14:01: Amount:        230
08:14:01: Date ID:       18

08:14:01:  = Sellers =
08:14:01: Task - Updating sellers
08:14:01: Done - 0 new sellers saved  (out of: 112, total: 6680)

08:14:01:  = Offers =
08:14:01: Task - Updating sale offers
08:14:08: Done - 132 sale offers saved  (before: 0, total: 881128)


08:14:08:  == Plains ==    (28/264  10.61%)
08:14:14: URL change  ->  https://www.cardmarket.com/en/Magic/Products/Singles/Battlebond/Plains
08:14:14:                 Expanding page...

08:14:20: == Add card stats ==
08:14:20: Card ID:       28
08:14:20: Price from:    0.02
08:14:20: 30-day avg:    0.12
08:14:20: 7-day avg:     0.11
08:14:20: 1-day avg:     0.08
08:14:20: Amount:        3805
08:14:20: Date ID:       18

08:14:20:  = Sellers =
08:14:20: Task - Updating sellers
08:14:20: Done - 0 new sellers saved  (out of: 202, total: 6680)

08:14:20:  = Offers =
08:14:20: Task - Updating sale offers
08:14:29: Done - 242 sale offers saved  (before: 0, total: 881370)


08:14:29:  == Sower of Temptation ==    (29/264  10.98%)
08:14:32: URL change  ->  https://www.cardmarket.com/en/Magic/Products/Singles/Battlebond/Sower-of-Temptation
08:14:32:                 Expanding page...

08:14:37: == Add card stats ==
08:14:37: Card ID:       29
08:14:37: Price from:    1.00
08:14:37: 30-day avg:    2.22
08:14:37: 7-day avg:     1.85
08:14:37: 1-day avg:     1.40
08:14:37: Amount:        421
08:14:37: Date ID:       18

08:14:37:  = Sellers =
08:14:37: Task - Updating sellers
08:14:37: Done - 0 new sellers saved  (out of: 199, total: 6680)

08:14:37:  = Offers =
08:14:37: Task - Updating sale offers
08:14:44: Done - 220 sale offers saved  (before: 0, total: 881590)


08:14:44:  == Kor Spiritdancer ==    (30/264  11.36%)
08:14:48: URL change  ->  https://www.cardmarket.com/en/Magic/Products/Singles/Battlebond/Kor-Spiritdancer
08:14:48:                 Expanding page...

08:14:54: == Add card stats ==
08:14:54: Card ID:       30
08:14:54: Price from:    1.80
08:14:54: 30-day avg:    2.53
08:14:54: 7-day avg:     2.60
08:14:54: 1-day avg:     3.09
08:14:54: Amount:        373
08:14:54: Date ID:       18

08:14:54:  = Sellers =
08:14:54: Task - Updating sellers
08:14:54: Done - 0 new sellers saved  (out of: 198, total: 6680)

08:14:54:  = Offers =
08:14:54: Task - Updating sale offers
08:15:02: Done - 220 sale offers saved  (before: 0, total: 881810)


08:15:02:  == Sea of Clouds ==    (31/264  11.74%)
08:15:06: URL change  ->  https://www.cardmarket.com/en/Magic/Products/Singles/Battlebond/Sea-of-Clouds
08:15:06:                 Expanding page...

08:15:10: == Add card stats ==
08:15:10: Card ID:       31
08:15:10: Price from:    10.00
08:15:10: 30-day avg:    14.91
08:15:10: 7-day avg:     15.28
08:15:10: 1-day avg:     13.00
08:15:10: Amount:        254
08:15:10: Date ID:       18

08:15:10:  = Sellers =
08:15:10: Task - Updating sellers
08:15:10: Done - 0 new sellers saved  (out of: 131, total: 6680)

08:15:10:  = Offers =
08:15:10: Task - Updating sale offers
08:15:16: Done - 144 sale offers saved  (before: 0, total: 881954)


08:15:16:  == Bountiful Promenade ==    (32/264  12.12%)
08:15:18: URL change  ->  https://www.cardmarket.com/en/Magic/Products/Singles/Battlebond/Bountiful-Promenade
08:15:18:                 Expanding page...

08:15:22: == Add card stats ==
08:15:22: Card ID:       32
08:15:22: Price from:    8.00
08:15:22: 30-day avg:    12.35
08:15:22: 7-day avg:     13.53
08:15:22: 1-day avg:     13.12
08:15:22: Amount:        247
08:15:22: Date ID:       18

08:15:22:  = Sellers =
08:15:22: Task - Updating sellers
08:15:22: Done - 0 new sellers saved  (out of: 129, total: 6680)

08:15:22:  = Offers =
08:15:22: Task - Updating sale offers
08:15:28: Done - 152 sale offers saved  (before: 0, total: 882106)


08:15:28:  == Vigor ==    (33/264  12.5%)
08:15:32: URL change  ->  https://www.cardmarket.com/en/Magic/Products/Singles/Battlebond/Vigor
08:15:32:                 Expanding page...

08:15:35: == Add card stats ==
08:15:35: Card ID:       33
08:15:35: Price from:    2.99
08:15:35: 30-day avg:    4.89
08:15:35: 7-day avg:     5.01
08:15:35: 1-day avg:     3.88
08:15:35: Amount:        248
08:15:35: Date ID:       18

08:15:35:  = Sellers =
08:15:35: Task - Updating sellers
08:15:35: Done - 0 new sellers saved  (out of: 133, total: 6680)

08:15:35:  = Offers =
08:15:35: Task - Updating sale offers
08:15:42: Done - 145 sale offers saved  (before: 0, total: 882251)


08:15:42:  == Krav, the Unredeemed ==    (34/264  12.88%)
08:15:46: URL change  ->  https://www.cardmarket.com/en/Magic/Products/Singles/Battlebond/Krav-the-Unredeemed
08:15:46:                 Expanding page...

08:15:51: == Add card stats ==
08:15:51: Card ID:       34
08:15:51: Price from:    1.65
08:15:51: 30-day avg:    3.40
08:15:51: 7-day avg:     3.54
08:15:51: 1-day avg:     4.99
08:15:51: Amount:        388
08:15:51: Date ID:       18

08:15:51:  = Sellers =
08:15:51: Task - Updating sellers
08:15:51: Done - 0 new sellers saved  (out of: 168, total: 6680)

08:15:51:  = Offers =
08:15:51: Task - Updating sale offers
08:17:20: Done - 200 sale offers saved  (before: 0, total: 882451)


08:17:20:  == Mind's Eye ==    (35/264  13.26%)
08:17:24: URL change  ->  https://www.cardmarket.com/en/Magic/Products/Singles/Battlebond/Minds-Eye
08:17:24:                 Expanding page...

08:17:28: == Add card stats ==
08:17:28: Card ID:       35
08:17:28: Price from:    3.28
08:17:28: 30-day avg:    5.66
08:17:28: 7-day avg:     5.83
08:17:28: 1-day avg:     6.00
08:17:28: Amount:        305
08:17:28: Date ID:       18

08:17:28:  = Sellers =
08:17:28: Task - Updating sellers
08:17:32: Seller added:  Mythos242 [6681]
08:17:35: Seller added:  virdinat2 [6682]
08:17:35: Done - 2 new sellers saved  (out of: 144, total: 6682)

08:17:35:  = Offers =
08:17:35: Task - Updating sale offers
08:17:41: Done - 163 sale offers saved  (before: 0, total: 882614)


08:17:41:  == Thrilling Encore ==    (36/264  13.64%)
08:17:46: URL change  ->  https://www.cardmarket.com/en/Magic/Products/Singles/Battlebond/Thrilling-Encore
08:17:46:                 Expanding page...

08:17:50: == Add card stats ==
08:17:50: Card ID:       36
08:17:50: Price from:    3.48
08:17:50: 30-day avg:    4.46
08:17:50: 7-day avg:     4.03
08:17:50: 1-day avg:     4.71
08:17:50: Amount:        397
08:17:50: Date ID:       18

08:17:50:  = Sellers =
08:17:50: Task - Updating sellers
08:17:50: Done - 0 new sellers saved  (out of: 184, total: 6682)

08:17:50:  = Offers =
08:17:50: Task - Updating sale offers
08:18:07: Done - 212 sale offers saved  (before: 0, total: 882826)


08:18:07:  == Swamp ==    (37/264  14.02%)
08:18:12: URL change  ->  https://www.cardmarket.com/en/Magic/Products/Singles/Battlebond/Swamp
08:18:12:                 Expanding page...

08:18:19: == Add card stats ==
08:18:19: Card ID:       37
08:18:19: Price from:    0.01
08:18:19: 30-day avg:    0.15
08:18:19: 7-day avg:     0.13
08:18:19: 1-day avg:     0.05
08:18:19: Amount:        3710
08:18:19: Date ID:       18

08:18:19:  = Sellers =
08:18:19: Task - Updating sellers
08:18:19: Done - 0 new sellers saved  (out of: 187, total: 6682)

08:18:19:  = Offers =
08:18:19: Task - Updating sale offers
