10:38:04:  = Creation of this file = 

10:38:04: Date 15/10/2021 already added (date ID: 18)
10:38:07: Webdriver ready

10:38:10: Local data validated (removed 0 records)

10:38:10: Task - Getting all card names from current expansion
10:38:11: URL change  ->  https://www.cardmarket.com/en/Magic/Products/Singles/Battlebond?site=1
10:38:11: Done - All card names from Battlebond saved

10:38:11:  == Skyshroud Claim ==    (1/264  0.38%)
10:38:16: URL change  ->  https://www.cardmarket.com/en/Magic/Products/Singles/Battlebond/Skyshroud-Claim
10:38:16:                 Expanding page...

10:38:21:  = Card stats = 
10:38:21: Card ID:  1
10:38:21: Already saved today

10:38:21:  = Sellers = 
10:38:21: Task - Updating sellers
10:38:21: Done - 0 new sellers saved  (out of: 139, total: 6682)

10:38:21:  = Offers = 
10:38:21: Task - Updating sale offers
10:38:25: Done - 153 sale offers saved  (before: 153, total: 374558)


10:38:25:  == Impulse ==    (2/264  0.76%)
10:38:29: URL change  ->  https://www.cardmarket.com/en/Magic/Products/Singles/Battlebond/Impulse
10:38:29:                 Expanding page...

10:38:39:  = Card stats = 
10:38:39: Card ID:  2
10:38:39: Already saved today

10:38:39:  = Sellers = 
10:38:39: Task - Updating sellers
10:38:39: Done - 0 new sellers saved  (out of: 350, total: 6682)

10:38:39:  = Offers = 
10:38:39: Task - Updating sale offers
10:38:47: Done - 386 sale offers saved  (before: 386, total: 374558)


10:38:47:  == Zndrsplt, Eye of Wisdom ==    (3/264  1.14%)
10:38:51: URL change  ->  https://www.cardmarket.com/en/Magic/Products/Singles/Battlebond/Zndrsplt-Eye-of-Wisdom
10:38:51:                 Expanding page...

10:39:00:  = Card stats = 
10:39:00: Card ID:  3
10:39:00: Already saved today

10:39:00:  = Sellers = 
10:39:00: Task - Updating sellers
10:39:00: Done - 0 new sellers saved  (out of: 327, total: 6682)

10:39:00:  = Offers = 
10:39:00: Task - Updating sale offers
10:39:09: Done - 381 sale offers saved  (before: 381, total: 374558)


10:39:09:  == Chain Lightning ==    (4/264  1.52%)
10:39:12: URL change  ->  https://www.cardmarket.com/en/Magic/Products/Singles/Battlebond/Chain-Lightning
10:39:12:                 Expanding page...

