10:31:47:  = Creation of this file = 

10:31:47: Date 15/10/2021 already added (date ID: 18)
10:31:49: Webdriver ready

10:31:52: Local data validated (removed 0 records)

10:31:52: Task - Getting all card names from current expansion
10:31:53: URL change  ->  https://www.cardmarket.com/en/Magic/Products/Singles/Battlebond?site=1
10:31:53: Done - All card names from Battlebond saved

10:31:53:  == Skyshroud Claim ==    (1/264  0.38%)
10:31:57: URL change  ->  https://www.cardmarket.com/en/Magic/Products/Singles/Battlebond/Skyshroud-Claim
10:31:57:                 Expanding page...

10:32:02:  = Card stats = 
10:32:02: Card ID:  1
10:32:02: Already saved today

10:32:02:  = Sellers = 
10:32:02: Task - Updating sellers
10:32:02: Done - 0 new sellers saved  (out of: 139, total: 6682)

10:32:02:  = Offers = 
10:32:02: Task - Updating sale offers
10:32:07: Done - 153 sale offers saved  (before: 0, total: 372808)


10:32:07:  == Impulse ==    (2/264  0.76%)
10:32:11: URL change  ->  https://www.cardmarket.com/en/Magic/Products/Singles/Battlebond/Impulse
10:32:11:                 Expanding page...

10:32:20:  = Card stats = 
10:32:20: Card ID:  2
10:32:20: Already saved today

10:32:20:  = Sellers = 
10:32:20: Task - Updating sellers
10:32:20: Done - 0 new sellers saved  (out of: 350, total: 6682)

10:32:20:  = Offers = 
10:32:20: Task - Updating sale offers
10:32:28: Done - 386 sale offers saved  (before: 0, total: 373194)


10:32:28:  == Zndrsplt, Eye of Wisdom ==    (3/264  1.14%)
10:32:31: URL change  ->  https://www.cardmarket.com/en/Magic/Products/Singles/Battlebond/Zndrsplt-Eye-of-Wisdom
10:32:31:                 Expanding page...

10:32:40:  = Card stats = 
10:32:40: Card ID:  3
10:32:40: Already saved today

10:32:40:  = Sellers = 
10:32:40: Task - Updating sellers
10:32:40: Done - 0 new sellers saved  (out of: 327, total: 6682)

10:32:40:  = Offers = 
10:32:40: Task - Updating sale offers
10:32:49: Done - 381 sale offers saved  (before: 0, total: 373575)


10:32:49:  == Chain Lightning ==    (4/264  1.52%)
10:32:54: URL change  ->  https://www.cardmarket.com/en/Magic/Products/Singles/Battlebond/Chain-Lightning
10:32:54:                 Expanding page...

10:32:58:  = Card stats = 
10:32:58: Card ID:  4
10:32:58: Already saved today

10:32:58:  = Sellers = 
10:32:58: Task - Updating sellers
10:32:59: Done - 0 new sellers saved  (out of: 149, total: 6682)

10:32:59:  = Offers = 
10:32:59: Task - Updating sale offers
10:33:03: Done - 157 sale offers saved  (before: 0, total: 373732)


10:33:03:  == Stolen Strategy ==    (5/264  1.89%)
10:33:06: URL change  ->  https://www.cardmarket.com/en/Magic/Products/Singles/Battlebond/Stolen-Strategy
10:33:06:                 Expanding page...

10:33:11:  = Card stats = 
10:33:11: Card ID:  5
10:33:11: Already saved today

10:33:11:  = Sellers = 
10:33:11: Task - Updating sellers
10:33:11: Done - 0 new sellers saved  (out of: 112, total: 6682)

10:33:11:  = Offers = 
10:33:11: Task - Updating sale offers
10:33:15: Done - 128 sale offers saved  (before: 0, total: 373860)


10:33:15:  == Azra Oddsmaker ==    (6/264  2.27%)
10:33:18: URL change  ->  https://www.cardmarket.com/en/Magic/Products/Singles/Battlebond/Azra-Oddsmaker
10:33:18:                 Expanding page...

10:33:24:  = Card stats = 
10:33:24: Card ID:  6
10:33:24: Already saved today

10:33:24:  = Sellers = 
10:33:24: Task - Updating sellers
10:33:24: Done - 0 new sellers saved  (out of: 232, total: 6682)

10:33:24:  = Offers = 
10:33:24: Task - Updating sale offers
10:33:30: Done - 248 sale offers saved  (before: 0, total: 374108)


10:33:30:  == Peregrine Drake ==    (7/264  2.65%)
10:33:35: URL change  ->  https://www.cardmarket.com/en/Magic/Products/Singles/Battlebond/Peregrine-Drake
10:33:35:                 Expanding page...

10:33:38:  = Card stats = 
10:33:38: Card ID:  7
10:33:38: Already saved today

10:33:38:  = Sellers = 
10:33:38: Task - Updating sellers
10:33:38: Done - 0 new sellers saved  (out of: 96, total: 6682)

10:33:38:  = Offers = 
10:33:38: Task - Updating sale offers
10:33:45: Done - 101 sale offers saved  (before: 0, total: 374209)


10:33:45:  == Warrior Token (White 1/1) ==    (8/264  3.03%)
10:33:49: URL change  ->  https://www.cardmarket.com/en/Magic/Products/Singles/Battlebond/Warrior-Token-White-11
10:33:49:                 Expanding page...

10:33:57:  = Card stats = 
10:33:57: Card ID:  8
10:33:57: Already saved today

10:33:57:  = Sellers = 
10:33:57: Task - Updating sellers
10:33:58: Done - 0 new sellers saved  (out of: 302, total: 6682)

10:33:58:  = Offers = 
10:33:58: Task - Updating sale offers
10:34:05: Done - 349 sale offers saved  (before: 0, total: 374558)


10:34:05:  == Fertile Ground ==    (9/264  3.41%)
10:34:09: URL change  ->  https://www.cardmarket.com/en/Magic/Products/Singles/Battlebond/Fertile-Ground
10:34:09:                 Expanding page...

10:34:22:  = Card stats = 
10:34:22: Card ID:  9
10:34:22: Already saved today

10:34:22:  = Sellers = 
10:34:22: Task - Updating sellers
10:34:22: Done - 0 new sellers saved  (out of: 448, total: 6682)

10:34:22:  = Offers = 
10:34:22: Task - Updating sale offers
