10:56:26:  = Creation of this file = 

10:56:26: Date 15/10/2021 already added (date ID: 18)
10:56:28: Webdriver ready

10:56:32: Local data validated (removed 0 records)

10:56:32: Task - Getting all card names from current expansion
10:56:32: URL change  ->  https://www.cardmarket.com/en/Magic/Products/Singles/Battlebond?site=1
10:56:33: Done - All card names from Battlebond saved

10:56:33:  == Skyshroud Claim ==    (1/264  0.38%)
10:56:36: URL change  ->  https://www.cardmarket.com/en/Magic/Products/Singles/Battlebond/Skyshroud-Claim
10:56:36:                 Expanding page...

10:56:41:  = Card stats = 
10:56:41: Card ID:  1
10:56:41: Already saved today

10:56:41:  = Sellers = 
10:56:41: Task - Updating sellers
10:56:41: Done - 0 new sellers saved  (out of: 139, total: 6682)

10:56:41:  = Offers = 
10:56:41: Task - Updating sale offers
10:56:45: Done - 153 sale offers saved  (before: 153, total: 375547)


10:56:45:  == Impulse ==    (2/264  0.76%)
10:56:49: URL change  ->  https://www.cardmarket.com/en/Magic/Products/Singles/Battlebond/Impulse
10:56:49:                 Expanding page...

10:56:58:  = Card stats = 
10:56:58: Card ID:  2
10:56:58: Already saved today

10:56:58:  = Sellers = 
10:56:58: Task - Updating sellers
10:56:58: Done - 0 new sellers saved  (out of: 350, total: 6682)

10:56:58:  = Offers = 
10:56:58: Task - Updating sale offers
10:57:05: Done - 386 sale offers saved  (before: 386, total: 375547)


10:57:05:  == Zndrsplt, Eye of Wisdom ==    (3/264  1.14%)
10:57:09: URL change  ->  https://www.cardmarket.com/en/Magic/Products/Singles/Battlebond/Zndrsplt-Eye-of-Wisdom
10:57:09:                 Expanding page...

10:57:18:  = Card stats = 
10:57:18: Card ID:  3
10:57:18: Already saved today

10:57:18:  = Sellers = 
10:57:18: Task - Updating sellers
10:57:18: Done - 0 new sellers saved  (out of: 327, total: 6682)

10:57:18:  = Offers = 
10:57:18: Task - Updating sale offers
10:57:25: Done - 381 sale offers saved  (before: 381, total: 375547)


10:57:25:  == Chain Lightning ==    (4/264  1.52%)
10:57:28: URL change  ->  https://www.cardmarket.com/en/Magic/Products/Singles/Battlebond/Chain-Lightning
10:57:28:                 Expanding page...

10:57:33:  = Card stats = 
10:57:33: Card ID:  4
10:57:33: Already saved today

10:57:33:  = Sellers = 
10:57:33: Task - Updating sellers
10:57:33: Done - 0 new sellers saved  (out of: 149, total: 6682)

10:57:33:  = Offers = 
10:57:33: Task - Updating sale offers
