10:30:00:  = Creation of this file = 

10:30:00: Date 15/10/2021 already added (date ID: 18)
10:30:03: Webdriver ready

10:30:09: Local data validated (removed 0 records)

10:30:09: Task - Getting all card names from current expansion
10:30:10: URL change  ->  https://www.cardmarket.com/en/Magic/Products/Singles/Battlebond?site=1
10:30:10: Done - All card names from Battlebond saved

10:30:10:  == Skyshroud Claim ==    (1/264  0.38%)
10:30:12: URL change  ->  https://www.cardmarket.com/en/Magic/Products/Singles/Battlebond/Skyshroud-Claim
10:30:12:                 Expanding page...

10:30:18:  = Card stats = 
10:30:18: Card ID:  1
10:30:18: Already saved today

10:30:18:  = Sellers = 
10:30:18: Task - Updating sellers
10:30:18: Done - 0 new sellers saved  (out of: 139, total: 6682)

10:30:18:  = Offers = 
10:30:18: Task - Updating sale offers
10:30:26: Done - 153 sale offers saved  (before: 153, total: 882833)


10:30:26:  == Impulse ==    (2/264  0.76%)
10:30:30: URL change  ->  https://www.cardmarket.com/en/Magic/Products/Singles/Battlebond/Impulse
10:30:30:                 Expanding page...

10:30:39:  = Card stats = 
10:30:39: Card ID:  2
10:30:39: Already saved today

10:30:39:  = Sellers = 
10:30:39: Task - Updating sellers
10:30:39: Done - 0 new sellers saved  (out of: 350, total: 6682)

10:30:39:  = Offers = 
10:30:39: Task - Updating sale offers
10:30:49: Done - 386 sale offers saved  (before: 386, total: 882833)


10:30:49:  == Zndrsplt, Eye of Wisdom ==    (3/264  1.14%)
10:30:52: URL change  ->  https://www.cardmarket.com/en/Magic/Products/Singles/Battlebond/Zndrsplt-Eye-of-Wisdom
10:30:52:                 Expanding page...

10:31:01:  = Card stats = 
10:31:01: Card ID:  3
10:31:01: Already saved today

10:31:01:  = Sellers = 
10:31:01: Task - Updating sellers
10:31:01: Done - 0 new sellers saved  (out of: 327, total: 6682)

10:31:01:  = Offers = 
10:31:01: Task - Updating sale offers
