10:45:18:  = Creation of this file = 

10:45:18: Date 15/10/2021 already added (date ID: 18)
10:45:21: Webdriver ready

10:45:24: Local data validated (removed 0 records)

10:45:24: Task - Getting all card names from current expansion
10:45:25: URL change  ->  https://www.cardmarket.com/en/Magic/Products/Singles/Battlebond?site=1
10:45:25: Done - All card names from Battlebond saved

10:45:25:  == Skyshroud Claim ==    (1/264  0.38%)
10:45:29: URL change  ->  https://www.cardmarket.com/en/Magic/Products/Singles/Battlebond/Skyshroud-Claim
10:45:29:                 Expanding page...

10:45:35:  = Card stats = 
10:45:35: Card ID:  1
10:45:35: Already saved today

10:45:35:  = Sellers = 
10:45:35: Task - Updating sellers
10:45:35: Done - 0 new sellers saved  (out of: 139, total: 6682)

10:45:35:  = Offers = 
10:45:35: Task - Updating sale offers
10:45:40: Done - 153 sale offers saved  (before: 153, total: 374558)


10:45:40:  == Impulse ==    (2/264  0.76%)
10:45:44: URL change  ->  https://www.cardmarket.com/en/Magic/Products/Singles/Battlebond/Impulse
10:45:44:                 Expanding page...

10:45:52:  = Card stats = 
10:45:52: Card ID:  2
10:45:52: Already saved today

10:45:52:  = Sellers = 
10:45:52: Task - Updating sellers
10:45:53: Done - 0 new sellers saved  (out of: 350, total: 6682)

10:45:53:  = Offers = 
10:45:53: Task - Updating sale offers
10:45:59: Done - 386 sale offers saved  (before: 386, total: 374558)


10:46:00:  == Zndrsplt, Eye of Wisdom ==    (3/264  1.14%)
10:46:02: URL change  ->  https://www.cardmarket.com/en/Magic/Products/Singles/Battlebond/Zndrsplt-Eye-of-Wisdom
10:46:02:                 Expanding page...

10:46:11:  = Card stats = 
10:46:11: Card ID:  3
10:46:11: Already saved today

10:46:11:  = Sellers = 
10:46:11: Task - Updating sellers
10:46:11: Done - 0 new sellers saved  (out of: 327, total: 6682)

10:46:11:  = Offers = 
10:46:11: Task - Updating sale offers
10:46:18: Done - 381 sale offers saved  (before: 381, total: 374558)


10:46:18:  == Chain Lightning ==    (4/264  1.52%)
10:46:21: URL change  ->  https://www.cardmarket.com/en/Magic/Products/Singles/Battlebond/Chain-Lightning
10:46:21:                 Expanding page...

10:46:27:  = Card stats = 
10:46:27: Card ID:  4
10:46:27: Already saved today

10:46:27:  = Sellers = 
10:46:27: Task - Updating sellers
10:46:27: Done - 0 new sellers saved  (out of: 149, total: 6682)

10:46:27:  = Offers = 
10:46:27: Task - Updating sale offers
10:46:31: Done - 157 sale offers saved  (before: 157, total: 374558)


10:46:31:  == Stolen Strategy ==    (5/264  1.89%)
10:46:34: URL change  ->  https://www.cardmarket.com/en/Magic/Products/Singles/Battlebond/Stolen-Strategy
10:46:34:                 Expanding page...

10:46:38:  = Card stats = 
10:46:38: Card ID:  5
10:46:38: Already saved today

10:46:38:  = Sellers = 
10:46:38: Task - Updating sellers
10:46:38: Done - 0 new sellers saved  (out of: 112, total: 6682)

10:46:38:  = Offers = 
10:46:38: Task - Updating sale offers
10:46:41: Done - 128 sale offers saved  (before: 128, total: 374558)


10:46:41:  == Azra Oddsmaker ==    (6/264  2.27%)
10:46:45: URL change  ->  https://www.cardmarket.com/en/Magic/Products/Singles/Battlebond/Azra-Oddsmaker
10:46:45:                 Expanding page...

10:46:51:  = Card stats = 
10:46:51: Card ID:  6
10:46:51: Already saved today

10:46:51:  = Sellers = 
10:46:51: Task - Updating sellers
10:46:51: Done - 0 new sellers saved  (out of: 232, total: 6682)

10:46:51:  = Offers = 
10:46:51: Task - Updating sale offers
10:46:56: Done - 248 sale offers saved  (before: 248, total: 374558)


10:46:56:  == Peregrine Drake ==    (7/264  2.65%)
10:46:59: URL change  ->  https://www.cardmarket.com/en/Magic/Products/Singles/Battlebond/Peregrine-Drake
10:46:59:                 Expanding page...

10:47:03:  = Card stats = 
10:47:03: Card ID:  7
10:47:03: Already saved today

10:47:03:  = Sellers = 
10:47:03: Task - Updating sellers
10:47:03: Done - 0 new sellers saved  (out of: 96, total: 6682)

10:47:03:  = Offers = 
10:47:03: Task - Updating sale offers
10:47:06: Done - 101 sale offers saved  (before: 101, total: 374558)


10:47:06:  == Warrior Token (White 1/1) ==    (8/264  3.03%)
10:47:10: URL change  ->  https://www.cardmarket.com/en/Magic/Products/Singles/Battlebond/Warrior-Token-White-11
10:47:10:                 Expanding page...

10:47:19:  = Card stats = 
10:47:19: Card ID:  8
10:47:19: Already saved today

10:47:19:  = Sellers = 
10:47:19: Task - Updating sellers
10:47:19: Done - 0 new sellers saved  (out of: 302, total: 6682)

10:47:19:  = Offers = 
10:47:19: Task - Updating sale offers
10:47:25: Done - 349 sale offers saved  (before: 349, total: 374558)


10:47:25:  == Fertile Ground ==    (9/264  3.41%)
10:47:29: URL change  ->  https://www.cardmarket.com/en/Magic/Products/Singles/Battlebond/Fertile-Ground
10:47:29:                 Expanding page...

10:47:42:  = Card stats = 
10:47:42: Card ID:  9
10:47:42: Already saved today

10:47:42:  = Sellers = 
10:47:42: Task - Updating sellers
10:47:42: Done - 0 new sellers saved  (out of: 448, total: 6682)

10:47:42:  = Offers = 
10:47:42: Task - Updating sale offers
10:47:51: Done - 504 sale offers saved  (before: 0, total: 375062)


10:47:51:  == Okaun, Eye of Chaos ==    (10/264  3.79%)
10:47:55: URL change  ->  https://www.cardmarket.com/en/Magic/Products/Singles/Battlebond/Okaun-Eye-of-Chaos
10:47:55:                 Expanding page...

10:48:03:  = Card stats = 
10:48:03: Card ID:  10
10:48:03: Already saved today

10:48:03:  = Sellers = 
10:48:03: Task - Updating sellers
10:48:03: Done - 0 new sellers saved  (out of: 327, total: 6682)

10:48:03:  = Offers = 
10:48:03: Task - Updating sale offers
10:48:11: Done - 373 sale offers saved  (before: 0, total: 375435)


10:48:11:  == Spellseeker ==    (11/264  4.17%)
10:48:15: URL change  ->  https://www.cardmarket.com/en/Magic/Products/Singles/Battlebond/Spellseeker
10:48:15:                 Expanding page...

10:48:19:  = Card stats = 
10:48:19: Card ID:  11
10:48:19: Already saved today

10:48:19:  = Sellers = 
10:48:19: Task - Updating sellers
10:48:19: Done - 0 new sellers saved  (out of: 101, total: 6682)

10:48:19:  = Offers = 
10:48:19: Task - Updating sale offers
10:48:23: Done - 112 sale offers saved  (before: 0, total: 375547)


10:48:23:  == Toothy, Imaginary Friend ==    (12/264  4.55%)
