15:10:04:  = Creation of this file = 

15:10:04: Date 15/10/2021 already added (date ID: 18)
15:10:07: Webdriver ready

15:10:11: Local data validated (removed 0 records)

15:10:11: Task - Getting all card names from current expansion
15:10:14: URL change  ->  https://www.cardmarket.com/en/Magic/Products/Singles/Battlebond?site=1
15:10:14: Done - All card names from Battlebond saved

15:10:14:  == Skyshroud Claim ==    (1/264  0.38%)
15:10:21: URL change  ->  https://www.cardmarket.com/en/Magic/Products/Singles/Battlebond/Skyshroud-Claim
15:10:21:                 Expanding page...

15:10:34:  = Card stats = 
15:10:34: Card ID:  1
15:10:34: Already saved today

15:10:34:  = Sellers = 
15:10:34: Task - Updating sellers
15:10:34: Done - 0 new sellers saved  (out of: 139, total: 6684)

15:10:34:  = Offers = 
15:10:34: Task - Updating sale offers
15:10:45: Done - 153 sale offers saved  (before: 153, total: 382949)


15:10:45:  == Impulse ==    (2/264  0.76%)
15:10:48: URL change  ->  https://www.cardmarket.com/en/Magic/Products/Singles/Battlebond/Impulse
15:10:48:                 Expanding page...

15:10:58:  = Card stats = 
15:10:58: Card ID:  2
15:10:58: Already saved today

15:10:58:  = Sellers = 
15:10:58: Task - Updating sellers
15:10:59: Done - 0 new sellers saved  (out of: 349, total: 6684)

15:10:59:  = Offers = 
15:10:59: Task - Updating sale offers
15:11:09: Done - 385 sale offers saved  (before: 385, total: 382949)


15:11:09:  == Zndrsplt, Eye of Wisdom ==    (3/264  1.14%)
15:11:13: URL change  ->  https://www.cardmarket.com/en/Magic/Products/Singles/Battlebond/Zndrsplt-Eye-of-Wisdom
15:11:13:                 Expanding page...

15:11:22:  = Card stats = 
15:11:22: Card ID:  3
15:11:22: Already saved today

15:11:22:  = Sellers = 
15:11:22: Task - Updating sellers
15:11:22: Done - 0 new sellers saved  (out of: 327, total: 6684)

15:11:22:  = Offers = 
15:11:22: Task - Updating sale offers
15:11:32: Done - 381 sale offers saved  (before: 381, total: 382949)


15:11:32:  == Chain Lightning ==    (4/264  1.52%)
15:11:36: URL change  ->  https://www.cardmarket.com/en/Magic/Products/Singles/Battlebond/Chain-Lightning
15:11:36:                 Expanding page...

15:11:41:  = Card stats = 
15:11:41: Card ID:  4
15:11:41: Already saved today

15:11:41:  = Sellers = 
15:11:41: Task - Updating sellers
15:11:41: Done - 0 new sellers saved  (out of: 150, total: 6684)

15:11:41:  = Offers = 
15:11:41: Task - Updating sale offers
15:11:46: Done - 158 sale offers saved  (before: 158, total: 382949)


15:11:46:  == Stolen Strategy ==    (5/264  1.89%)
15:11:51: URL change  ->  https://www.cardmarket.com/en/Magic/Products/Singles/Battlebond/Stolen-Strategy
15:11:51:                 Expanding page...

15:11:55:  = Card stats = 
15:11:55: Card ID:  5
15:11:55: Already saved today

15:11:55:  = Sellers = 
15:11:55: Task - Updating sellers
15:11:55: Done - 0 new sellers saved  (out of: 112, total: 6684)

15:11:55:  = Offers = 
15:11:55: Task - Updating sale offers
15:12:00: Done - 128 sale offers saved  (before: 128, total: 382949)


15:12:00:  == Azra Oddsmaker ==    (6/264  2.27%)
15:12:04: URL change  ->  https://www.cardmarket.com/en/Magic/Products/Singles/Battlebond/Azra-Oddsmaker
15:12:04:                 Expanding page...

15:12:10:  = Card stats = 
15:12:10: Card ID:  6
15:12:10: Already saved today

15:12:10:  = Sellers = 
15:12:10: Task - Updating sellers
15:12:10: Done - 0 new sellers saved  (out of: 232, total: 6684)

15:12:10:  = Offers = 
15:12:10: Task - Updating sale offers
15:12:17: Done - 248 sale offers saved  (before: 248, total: 382949)


15:12:17:  == Peregrine Drake ==    (7/264  2.65%)
15:12:20: URL change  ->  https://www.cardmarket.com/en/Magic/Products/Singles/Battlebond/Peregrine-Drake
15:12:20:                 Expanding page...

15:12:24:  = Card stats = 
15:12:24: Card ID:  7
15:12:24: Already saved today

15:12:24:  = Sellers = 
15:12:24: Task - Updating sellers
15:12:24: Done - 0 new sellers saved  (out of: 97, total: 6684)

15:12:24:  = Offers = 
15:12:24: Task - Updating sale offers
15:12:28: Done - 102 sale offers saved  (before: 101, total: 382950)


15:12:29:  == Warrior Token (White 1/1) ==    (8/264  3.03%)
15:12:30: URL change  ->  https://www.cardmarket.com/en/Magic/Products/Singles/Battlebond/Warrior-Token-White-11
15:12:30:                 Expanding page...

15:12:40:  = Card stats = 
15:12:40: Card ID:  8
15:12:40: Already saved today

15:12:40:  = Sellers = 
15:12:40: Task - Updating sellers
15:12:40: Done - 0 new sellers saved  (out of: 302, total: 6684)

15:12:40:  = Offers = 
15:12:40: Task - Updating sale offers
15:12:49: Done - 349 sale offers saved  (before: 349, total: 382950)


15:12:49:  == Fertile Ground ==    (9/264  3.41%)
15:12:53: URL change  ->  https://www.cardmarket.com/en/Magic/Products/Singles/Battlebond/Fertile-Ground
15:12:53:                 Expanding page...

15:13:07:  = Card stats = 
15:13:07: Card ID:  9
15:13:07: Already saved today

15:13:07:  = Sellers = 
15:13:07: Task - Updating sellers
15:13:07: Done - 0 new sellers saved  (out of: 447, total: 6684)

15:13:07:  = Offers = 
15:13:07: Task - Updating sale offers
15:13:18: Done - 503 sale offers saved  (before: 504, total: 382949)


15:13:18:  == Okaun, Eye of Chaos ==    (10/264  3.79%)
15:13:24: URL change  ->  https://www.cardmarket.com/en/Magic/Products/Singles/Battlebond/Okaun-Eye-of-Chaos
15:13:24:                 Expanding page...

