12:25:27:  = Creation of this file = 

12:25:27: Date 17/10/2021 already added (date ID: 20)
12:25:29: Webdriver ready

12:25:33: Local data validated (removed 0 records)

12:25:33: Task - Getting all card names from current expansion
12:25:34: URL change  ->  https://www.cardmarket.com/en/Magic/Products/Singles/Battlebond?site=1
12:25:35: Done - All card names from Battlebond saved

12:25:35:  == Night Market Guard ==    (262/264  99.24%)
12:25:38: URL change  ->  https://www.cardmarket.com/en/Magic/Products/Singles/Battlebond/Night-Market-Guard
12:25:38:                 Expanding page...

12:25:52:  = Card stats = 
12:25:52: Card ID:  262
12:25:52: Already saved today

12:25:52:  = Sellers = 
12:25:52: Task - Updating sellers
12:25:53: Done - 0 new sellers saved  (out of: 428, total: 6735)

12:25:53:  = Offers = 
12:25:53: Task - Updating sale offers
12:26:05: Done - 518 sale offers saved  (before: 519, total: 666462)


12:26:05:  == Will Kenrith (V.2) ==    (263/264  99.62%)
12:26:08: URL change  ->  https://www.cardmarket.com/en/Magic/Products/Singles/Battlebond/Will-Kenrith-V-2
12:26:08:                 Expanding page...

12:26:10:  = Card stats = 
12:26:10: Card ID:  263
12:26:10: Already saved today

12:26:10:  = Sellers = 
12:26:10: Task - Updating sellers
12:26:10: Done - 0 new sellers saved  (out of: 31, total: 6735)

12:26:10:  = Offers = 
12:26:10: Task - Updating sale offers
12:26:14: Done - 32 sale offers saved  (before: 32, total: 666462)


12:26:14:  == Rowan Kenrith (V.2) ==    (264/264  100.0%)
12:26:17: URL change  ->  https://www.cardmarket.com/en/Magic/Products/Singles/Battlebond/Rowan-Kenrith-V-2
12:26:17:                 Expanding page...

12:26:18:  = Card stats = 
12:26:18: Card ID:  264
12:26:18: Already saved today

12:26:18:  = Sellers = 
12:26:18: Task - Updating sellers
12:26:18: Done - 0 new sellers saved  (out of: 33, total: 6735)

12:26:18:  = Offers = 
12:26:18: Task - Updating sale offers
12:26:22: Done - 33 sale offers saved  (before: 33, total: 666462)


12:26:22: All cards, sellers and sale offers acquired
12:26:23: Webdriver closed
12:26:27: Local data validated (removed 0 records)

12:26:27:  = Program execution finished = 
