10:50:24 = Creation of this file = 
10:50:28: Local data validated (removed 0 records)

10:50:28: Task - Getting all card names from current expansion
10:50:29: URL change  ->  https://www.cardmarket.com/en/Magic/Products/Singles/Battlebond?site=1
10:50:29: Done - All card names from Battlebond saved

10:50:29:  == Skyshroud Claim ==    (1/264  0.38%)
10:50:34: URL change  ->  https://www.cardmarket.com/en/Magic/Products/Singles/Battlebond/Skyshroud-Claim
10:50:34:                 Expanding page...

10:50:39:  = Card stats = 
10:50:39: Card ID:  1
10:50:39: Already saved today

10:50:39:  = Sellers = 
10:50:39: Task - Updating sellers
10:50:39: Done - 0 new sellers saved  (out of: 139, total: 6777)

10:50:39:  = Offers = 
10:50:39: Task - Updating sale offers
10:50:45: Done - 156 sale offers saved  (before: 156, total: 642644)


10:50:45:  == Impulse ==    (2/264  0.76%)
10:50:48: URL change  ->  https://www.cardmarket.com/en/Magic/Products/Singles/Battlebond/Impulse
10:50:48:                 Expanding page...

10:50:57:  = Card stats = 
10:50:57: Card ID:  2
10:50:57: Already saved today

10:50:57:  = Sellers = 
10:50:58: Task - Updating sellers
10:50:58: Done - 0 new sellers saved  (out of: 358, total: 6777)

10:50:58:  = Offers = 
10:50:58: Task - Updating sale offers
10:51:08: Done - 396 sale offers saved  (before: 396, total: 642644)


10:51:08:  == Zndrsplt, Eye of Wisdom ==    (3/264  1.14%)
10:51:11: URL change  ->  https://www.cardmarket.com/en/Magic/Products/Singles/Battlebond/Zndrsplt-Eye-of-Wisdom
10:51:11:                 Expanding page...

