10:30:03 = Creation of this file = 
10:30:10: Webdriver connection ready

10:30:15: Local data validated (removed 0 records)

10:30:15: Task - Getting all card names from current expansion
10:30:16: URL change  ->  https://www.cardmarket.com/en/Magic/Products/Singles/Battlebond?site=1
10:30:16: Done - All card names from Battlebond saved

10:30:16:  == Skyshroud Claim ==    (1/264  0.38%)
10:30:21: URL change  ->  https://www.cardmarket.com/en/Magic/Products/Singles/Battlebond/Skyshroud-Claim
10:30:21:                 Expanding page...

10:30:25:  = Card stats = 
10:30:25: Card ID:  1
10:30:25: Already saved today

10:30:25:  = Sellers = 
10:30:25: Task - Updating sellers
10:30:29: Seller added:  philou31 [6776]
10:30:29: Done - 1 new sellers saved  (out of: 139, total: 6776)

10:30:29:  = Offers = 
10:30:29: Task - Updating sale offers
10:30:36: Done - 156 sale offers saved  (before: 155, total: 642629)


10:30:36:  == Impulse ==    (2/264  0.76%)
10:30:45: URL change  ->  https://www.cardmarket.com/en/Magic/Products/Singles/Battlebond/Impulse
10:30:45:                 Expanding page...

10:30:54:  = Card stats = 
10:30:54: Card ID:  2
10:30:54: Already saved today

10:30:54:  = Sellers = 
10:30:54: Task - Updating sellers
10:30:54: Done - 0 new sellers saved  (out of: 358, total: 6776)

10:30:54:  = Offers = 
10:30:54: Task - Updating sale offers
10:31:04: Done - 396 sale offers saved  (before: 392, total: 642633)


10:31:04:  == Zndrsplt, Eye of Wisdom ==    (3/264  1.14%)
10:31:09: URL change  ->  https://www.cardmarket.com/en/Magic/Products/Singles/Battlebond/Zndrsplt-Eye-of-Wisdom
10:31:09:                 Expanding page...

10:31:18:  = Card stats = 
10:31:18: Card ID:  3
10:31:18: Already saved today

10:31:18:  = Sellers = 
10:31:18: Task - Updating sellers
10:31:18: Done - 0 new sellers saved  (out of: 324, total: 6776)

10:31:18:  = Offers = 
10:31:18: Task - Updating sale offers
10:31:29: Done - 377 sale offers saved  (before: 378, total: 642632)


10:31:29:  == Chain Lightning ==    (4/264  1.52%)
10:31:33: URL change  ->  https://www.cardmarket.com/en/Magic/Products/Singles/Battlebond/Chain-Lightning
10:31:33:                 Expanding page...

10:31:39:  = Card stats = 
10:31:39: Card ID:  4
10:31:39: Already saved today

10:31:39:  = Sellers = 
10:31:39: Task - Updating sellers
10:31:39: Done - 0 new sellers saved  (out of: 147, total: 6776)

10:31:39:  = Offers = 
10:31:39: Task - Updating sale offers
10:31:46: Done - 155 sale offers saved  (before: 156, total: 642631)


10:31:46:  == Stolen Strategy ==    (5/264  1.89%)
10:31:51: URL change  ->  https://www.cardmarket.com/en/Magic/Products/Singles/Battlebond/Stolen-Strategy
10:31:51:                 Expanding page...

10:31:54:  = Card stats = 
10:31:54: Card ID:  5
10:31:54: Already saved today

10:31:54:  = Sellers = 
10:31:54: Task - Updating sellers
10:31:54: Done - 0 new sellers saved  (out of: 117, total: 6776)

10:31:54:  = Offers = 
10:31:54: Task - Updating sale offers
10:32:00: Done - 133 sale offers saved  (before: 133, total: 642631)


10:32:00:  == Azra Oddsmaker ==    (6/264  2.27%)
10:32:04: URL change  ->  https://www.cardmarket.com/en/Magic/Products/Singles/Battlebond/Azra-Oddsmaker
10:32:04:                 Expanding page...

10:32:10:  = Card stats = 
10:32:10: Card ID:  6
10:32:10: Already saved today

10:32:10:  = Sellers = 
10:32:10: Task - Updating sellers
10:32:10: Done - 0 new sellers saved  (out of: 228, total: 6776)

10:32:11:  = Offers = 
10:32:11: Task - Updating sale offers
10:32:18: Done - 244 sale offers saved  (before: 244, total: 642631)


10:32:18:  == Peregrine Drake ==    (7/264  2.65%)
10:32:22: URL change  ->  https://www.cardmarket.com/en/Magic/Products/Singles/Battlebond/Peregrine-Drake
10:32:22:                 Expanding page...

10:32:25:  = Card stats = 
10:32:25: Card ID:  7
10:32:25: Already saved today

10:32:25:  = Sellers = 
10:32:25: Task - Updating sellers
10:32:25: Done - 0 new sellers saved  (out of: 100, total: 6776)

10:32:25:  = Offers = 
10:32:25: Task - Updating sale offers
10:32:31: Done - 106 sale offers saved  (before: 105, total: 642632)


10:32:31:  == Warrior Token (White 1/1) ==    (8/264  3.03%)
10:32:35: URL change  ->  https://www.cardmarket.com/en/Magic/Products/Singles/Battlebond/Warrior-Token-White-11
10:32:35:                 Expanding page...

10:32:44:  = Card stats = 
10:32:44: Card ID:  8
10:32:44: Already saved today

10:32:44:  = Sellers = 
10:32:44: Task - Updating sellers
10:32:44: Done - 0 new sellers saved  (out of: 305, total: 6776)

10:32:44:  = Offers = 
10:32:44: Task - Updating sale offers
10:32:53: Done - 353 sale offers saved  (before: 353, total: 642632)


10:32:53:  == Fertile Ground ==    (9/264  3.41%)
10:32:57: URL change  ->  https://www.cardmarket.com/en/Magic/Products/Singles/Battlebond/Fertile-Ground
10:32:57:                 Expanding page...

10:33:12:  = Card stats = 
10:33:12: Card ID:  9
10:33:12: Already saved today

10:33:12:  = Sellers = 
10:33:12: Task - Updating sellers
10:33:12: Done - 0 new sellers saved  (out of: 453, total: 6776)

10:33:12:  = Offers = 
10:33:12: Task - Updating sale offers
10:33:26: Done - 510 sale offers saved  (before: 508, total: 642634)


10:33:26:  == Okaun, Eye of Chaos ==    (10/264  3.79%)
10:33:30: URL change  ->  https://www.cardmarket.com/en/Magic/Products/Singles/Battlebond/Okaun-Eye-of-Chaos
10:33:30:                 Expanding page...

10:33:40:  = Card stats = 
10:33:40: Card ID:  10
10:33:40: Already saved today

10:33:40:  = Sellers = 
10:33:40: Task - Updating sellers
10:33:40: Done - 0 new sellers saved  (out of: 329, total: 6776)

10:33:40:  = Offers = 
10:33:40: Task - Updating sale offers
10:33:51: Done - 374 sale offers saved  (before: 374, total: 642634)


10:33:51:  == Spellseeker ==    (11/264  4.17%)
10:33:54: URL change  ->  https://www.cardmarket.com/en/Magic/Products/Singles/Battlebond/Spellseeker
10:33:54:                 Expanding page...

10:33:59:  = Card stats = 
10:33:59: Card ID:  11
10:33:59: Already saved today

10:33:59:  = Sellers = 
10:33:59: Task - Updating sellers
10:33:59: Done - 0 new sellers saved  (out of: 102, total: 6776)

10:33:59:  = Offers = 
10:33:59: Task - Updating sale offers
10:34:05: Done - 112 sale offers saved  (before: 113, total: 642633)


10:34:05:  == Toothy, Imaginary Friend ==    (12/264  4.55%)
10:34:09: URL change  ->  https://www.cardmarket.com/en/Magic/Products/Singles/Battlebond/Toothy-Imaginary-Friend
10:34:09:                 Expanding page...

10:34:14:  = Card stats = 
10:34:14: Card ID:  12
10:34:14: Already saved today

10:34:14:  = Sellers = 
10:34:14: Task - Updating sellers
10:34:14: Done - 0 new sellers saved  (out of: 129, total: 6776)

10:34:14:  = Offers = 
10:34:14: Task - Updating sale offers
10:34:20: Done - 146 sale offers saved  (before: 145, total: 642634)


10:34:20:  == Mindblade Render ==    (13/264  4.92%)
10:34:25: URL change  ->  https://www.cardmarket.com/en/Magic/Products/Singles/Battlebond/Mindblade-Render
10:34:25:                 Expanding page...

10:34:30:  = Card stats = 
10:34:30: Card ID:  13
10:34:30: Already saved today

10:34:30:  = Sellers = 
10:34:30: Task - Updating sellers
10:34:30: Done - 0 new sellers saved  (out of: 165, total: 6776)

10:34:30:  = Offers = 
10:34:30: Task - Updating sale offers
10:34:37: Done - 176 sale offers saved  (before: 176, total: 642634)


10:34:37:  == Sylvia Brightspear ==    (14/264  5.3%)
10:34:41: URL change  ->  https://www.cardmarket.com/en/Magic/Products/Singles/Battlebond/Sylvia-Brightspear
10:34:41:                 Expanding page...

10:34:50:  = Card stats = 
10:34:50: Card ID:  14
10:34:50: Already saved today

10:34:50:  = Sellers = 
10:34:50: Task - Updating sellers
10:34:50: Done - 0 new sellers saved  (out of: 266, total: 6776)

10:34:50:  = Offers = 
10:34:50: Task - Updating sale offers
10:34:58: Done - 295 sale offers saved  (before: 294, total: 642635)


10:34:58:  == Bonus Round ==    (15/264  5.68%)
10:35:02: URL change  ->  https://www.cardmarket.com/en/Magic/Products/Singles/Battlebond/Bonus-Round
10:35:02:                 Expanding page...

10:35:07:  = Card stats = 
10:35:07: Card ID:  15
10:35:07: Already saved today

10:35:07:  = Sellers = 
10:35:07: Task - Updating sellers
10:35:07: Done - 0 new sellers saved  (out of: 144, total: 6776)

10:35:07:  = Offers = 
10:35:07: Task - Updating sale offers
10:35:14: Done - 164 sale offers saved  (before: 162, total: 642637)


10:35:14:  == Spell Snare ==    (16/264  6.06%)
10:35:18: URL change  ->  https://www.cardmarket.com/en/Magic/Products/Singles/Battlebond/Spell-Snare
10:35:18:                 Expanding page...

10:35:34:  = Card stats = 
10:35:34: Card ID:  16
10:35:34: Already saved today

10:35:34:  = Sellers = 
10:35:34: Task - Updating sellers
10:35:34: Done - 0 new sellers saved  (out of: 534, total: 6776)

10:35:34:  = Offers = 
10:35:34: Task - Updating sale offers
10:35:48: Done - 611 sale offers saved  (before: 609, total: 642639)


10:35:48:  == Generous Patron ==    (17/264  6.44%)
10:35:53: URL change  ->  https://www.cardmarket.com/en/Magic/Products/Singles/Battlebond/Generous-Patron
10:35:53:                 Expanding page...

10:35:57:  = Card stats = 
10:35:57: Card ID:  17
10:35:57: Already saved today

10:35:57:  = Sellers = 
10:35:57: Task - Updating sellers
10:35:58: Done - 0 new sellers saved  (out of: 122, total: 6776)

10:35:58:  = Offers = 
10:35:58: Task - Updating sale offers
10:36:04: Done - 136 sale offers saved  (before: 136, total: 642639)


10:36:04:  == Pir, Imaginative Rascal ==    (18/264  6.82%)
10:36:06: URL change  ->  https://www.cardmarket.com/en/Magic/Products/Singles/Battlebond/Pir-Imaginative-Rascal
10:36:06:                 Expanding page...

10:36:10:  = Card stats = 
10:36:10: Card ID:  18
10:36:10: Already saved today

10:36:10:  = Sellers = 
10:36:10: Task - Updating sellers
10:36:10: Done - 0 new sellers saved  (out of: 121, total: 6776)

10:36:10:  = Offers = 
10:36:10: Task - Updating sale offers
10:36:16: Done - 133 sale offers saved  (before: 133, total: 642639)


10:36:16:  == Virtus's Maneuver ==    (19/264  7.2%)
10:36:21: URL change  ->  https://www.cardmarket.com/en/Magic/Products/Singles/Battlebond/Virtuss-Maneuver
10:36:21:                 Expanding page...

10:36:29:  = Card stats = 
10:36:29: Card ID:  19
10:36:29: Already saved today

10:36:29:  = Sellers = 
10:36:29: Task - Updating sellers
10:36:30: Done - 0 new sellers saved  (out of: 266, total: 6776)

10:36:30:  = Offers = 
10:36:30: Task - Updating sale offers
10:36:37: Done - 312 sale offers saved  (before: 313, total: 642638)


10:36:37:  == Spire Garden ==    (20/264  7.58%)
10:36:41: URL change  ->  https://www.cardmarket.com/en/Magic/Products/Singles/Battlebond/Spire-Garden
10:36:41:                 Expanding page...

10:36:46:  = Card stats = 
10:36:46: Card ID:  20
10:36:46: Already saved today

10:36:46:  = Sellers = 
10:36:46: Task - Updating sellers
10:36:46: Done - 0 new sellers saved  (out of: 148, total: 6776)

10:36:46:  = Offers = 
10:36:46: Task - Updating sale offers
10:36:52: Done - 167 sale offers saved  (before: 169, total: 642636)


10:36:52:  == War's Toll ==    (21/264  7.95%)
10:36:58: URL change  ->  https://www.cardmarket.com/en/Magic/Products/Singles/Battlebond/Wars-Toll
10:36:58:                 Expanding page...

10:37:03:  = Card stats = 
10:37:03: Card ID:  21
10:37:03: Already saved today

10:37:03:  = Sellers = 
10:37:03: Task - Updating sellers
10:37:03: Done - 0 new sellers saved  (out of: 130, total: 6776)

10:37:03:  = Offers = 
10:37:03: Task - Updating sale offers
10:37:10: Done - 151 sale offers saved  (before: 150, total: 642637)


10:37:10:  == Swords to Plowshares ==    (22/264  8.33%)
10:37:15: URL change  ->  https://www.cardmarket.com/en/Magic/Products/Singles/Battlebond/Swords-to-Plowshares
10:37:15:                 Expanding page...

10:37:20:  = Card stats = 
10:37:20: Card ID:  22
10:37:20: Already saved today

10:37:20:  = Sellers = 
10:37:20: Task - Updating sellers
10:37:24: Seller added:  argonautpipboy [6777]
10:37:24: Done - 1 new sellers saved  (out of: 157, total: 6777)

10:37:24:  = Offers = 
10:37:24: Task - Updating sale offers
10:37:31: Done - 174 sale offers saved  (before: 171, total: 642640)


10:37:31:  == Angelic Chorus ==    (23/264  8.71%)
10:37:34: URL change  ->  https://www.cardmarket.com/en/Magic/Products/Singles/Battlebond/Angelic-Chorus
10:37:34:                 Expanding page...

10:37:41:  = Card stats = 
10:37:41: Card ID:  23
10:37:41: Already saved today

10:37:41:  = Sellers = 
10:37:41: Task - Updating sellers
10:37:41: Done - 0 new sellers saved  (out of: 219, total: 6777)

10:37:41:  = Offers = 
10:37:41: Task - Updating sale offers
10:37:49: Done - 247 sale offers saved  (before: 247, total: 642640)


10:37:49:  == Diabolic Intent ==    (24/264  9.09%)
10:37:53: URL change  ->  https://www.cardmarket.com/en/Magic/Products/Singles/Battlebond/Diabolic-Intent
10:37:53:                 Expanding page...

10:37:56:  = Card stats = 
10:37:56: Card ID:  24
10:37:56: Already saved today

10:37:56:  = Sellers = 
10:37:56: Task - Updating sellers
10:37:56: Done - 0 new sellers saved  (out of: 91, total: 6777)

10:37:56:  = Offers = 
10:37:56: Task - Updating sale offers
10:38:02: Done - 97 sale offers saved  (before: 97, total: 642640)


10:38:02:  == Luxury Suite ==    (25/264  9.47%)
10:38:07: URL change  ->  https://www.cardmarket.com/en/Magic/Products/Singles/Battlebond/Luxury-Suite
10:38:07:                 Expanding page...

10:38:10:  = Card stats = 
10:38:10: Card ID:  25
10:38:10: Already saved today

10:38:10:  = Sellers = 
10:38:10: Task - Updating sellers
10:38:10: Done - 0 new sellers saved  (out of: 72, total: 6777)

10:38:10:  = Offers = 
10:38:10: Task - Updating sale offers
10:38:15: Done - 82 sale offers saved  (before: 82, total: 642640)


10:38:15:  == Pir's Whim ==    (26/264  9.85%)
10:38:19: URL change  ->  https://www.cardmarket.com/en/Magic/Products/Singles/Battlebond/Pirs-Whim
10:38:19:                 Expanding page...

10:38:24:  = Card stats = 
10:38:24: Card ID:  26
10:38:24: Already saved today

10:38:24:  = Sellers = 
10:38:24: Task - Updating sellers
10:38:24: Done - 0 new sellers saved  (out of: 189, total: 6777)

10:38:24:  = Offers = 
10:38:24: Task - Updating sale offers
10:38:31: Done - 219 sale offers saved  (before: 220, total: 642639)


10:38:31:  == Last One Standing ==    (27/264  10.23%)
10:38:35: URL change  ->  https://www.cardmarket.com/en/Magic/Products/Singles/Battlebond/Last-One-Standing
10:38:35:                 Expanding page...

10:38:39:  = Card stats = 
10:38:39: Card ID:  27
10:38:39: Already saved today

10:38:39:  = Sellers = 
10:38:39: Task - Updating sellers
10:38:39: Done - 0 new sellers saved  (out of: 107, total: 6777)

10:38:39:  = Offers = 
10:38:39: Task - Updating sale offers
10:38:45: Done - 126 sale offers saved  (before: 125, total: 642640)


10:38:45:  == Plains ==    (28/264  10.61%)
10:38:49: URL change  ->  https://www.cardmarket.com/en/Magic/Products/Singles/Battlebond/Plains
10:38:49:                 Expanding page...

10:38:56:  = Card stats = 
10:38:56: Card ID:  28
10:38:56: Already saved today

10:38:56:  = Sellers = 
10:38:56: Task - Updating sellers
10:38:56: Done - 0 new sellers saved  (out of: 201, total: 6777)

10:38:56:  = Offers = 
10:38:56: Task - Updating sale offers
10:39:03: Done - 242 sale offers saved  (before: 242, total: 642640)


10:39:03:  == Sower of Temptation ==    (29/264  10.98%)
10:39:06: URL change  ->  https://www.cardmarket.com/en/Magic/Products/Singles/Battlebond/Sower-of-Temptation
10:39:06:                 Expanding page...

10:39:13:  = Card stats = 
10:39:13: Card ID:  29
10:39:13: Already saved today

10:39:13:  = Sellers = 
10:39:13: Task - Updating sellers
10:39:13: Done - 0 new sellers saved  (out of: 200, total: 6777)

10:39:13:  = Offers = 
10:39:13: Task - Updating sale offers
10:39:19: Done - 224 sale offers saved  (before: 220, total: 642644)


10:39:19:  == Kor Spiritdancer ==    (30/264  11.36%)
10:39:23: URL change  ->  https://www.cardmarket.com/en/Magic/Products/Singles/Battlebond/Kor-Spiritdancer
10:39:23:                 Expanding page...

