
00:24:25: Data gathering run started.
00:24:25: == Add date ==
00:24:25: Day:           20
00:24:25: Month:         10
00:24:25: Year:          2021
00:24:25: Date ID:       23

00:24:25: Data from today already gathered. Validating.
00:24:26: The number of cards for date ID 23 is incorrect
00:24:26: Expected: 264    got: 0
00:24:26: Dataset invalid. Proceeding to run.
00:24:26: Update flag set to 1
02:22:11: Update flag set to 0

02:22:11: Data gathering run started.
02:22:11: Data from today already gathered. Validating.
02:22:12: Data validation complete.
02:22:13: Saving checksum: 690bcae9f1f6ca260bde3f8e150680a8b98195e0
02:22:13: Waiting for 1 hour.
03:22:13: Data from today already gathered. Validating.
03:22:14: Dataset already validated.
03:22:14: Waiting for 1 hour.
04:22:14: Data from today already gathered. Validating.
04:22:15: Dataset already validated.
04:22:15: Waiting for 1 hour.
05:22:15: Data from today already gathered. Validating.
05:22:15: Dataset already validated.
05:22:15: Waiting for 1 hour.
06:22:15: Data from today already gathered. Validating.
06:22:16: Dataset already validated.
06:22:16: Waiting for 1 hour.
07:22:17: Data from today already gathered. Validating.
07:22:17: Dataset already validated.
07:22:17: Waiting for 1 hour.
